{"/home/travis/build/npmtest/node-npmtest-cacheman/test.js":{"path":"/home/travis/build/npmtest/node-npmtest-cacheman/test.js","s":{"1":2,"2":2,"3":2,"4":2,"5":2,"6":2,"7":2,"8":1,"9":2,"10":2,"11":1,"12":1,"13":1,"14":1,"15":2,"16":2,"17":2,"18":2,"19":1,"20":1,"21":2,"22":2,"23":2,"24":1,"25":1,"26":1,"27":1,"28":1,"29":1,"30":1,"31":1,"32":1,"33":1,"34":1,"35":1,"36":1,"37":2,"38":2,"39":1,"40":2,"41":2,"42":1,"43":2,"44":2,"45":1,"46":2,"47":2,"48":1,"49":1,"50":1,"51":1,"52":1},"b":{"1":[2,1,1,1],"2":[1,1,1,1],"3":[1,1],"4":[1,1],"5":[1,1],"6":[1,1],"7":[1,1],"8":[1,1],"9":[1,1,1],"10":[1,1],"11":[1,1],"12":[1,1],"13":[1,1],"14":[1,1],"15":[1,1],"16":[1,1]},"f":{"1":2,"2":2,"3":2,"4":2,"5":2,"6":1,"7":1,"8":2,"9":2,"10":2,"11":2,"12":1},"fnMap":{"1":{"name":"(anonymous_1)","line":12,"loc":{"start":{"line":12,"column":1},"end":{"line":12,"column":13}}},"2":{"name":"(anonymous_2)","line":19,"loc":{"start":{"line":19,"column":5},"end":{"line":19,"column":17}}},"3":{"name":"(anonymous_3)","line":23,"loc":{"start":{"line":23,"column":24},"end":{"line":23,"column":36}}},"4":{"name":"(anonymous_4)","line":61,"loc":{"start":{"line":61,"column":5},"end":{"line":61,"column":17}}},"5":{"name":"(anonymous_5)","line":82,"loc":{"start":{"line":82,"column":5},"end":{"line":82,"column":17}}},"6":{"name":"(anonymous_6)","line":102,"loc":{"start":{"line":102,"column":83},"end":{"line":105,"column":10}},"skip":true},"7":{"name":"(anonymous_7)","line":113,"loc":{"start":{"line":113,"column":77},"end":{"line":116,"column":10}},"skip":true},"8":{"name":"(anonymous_8)","line":129,"loc":{"start":{"line":129,"column":12},"end":{"line":129,"column":40}},"skip":true},"9":{"name":"(anonymous_9)","line":137,"loc":{"start":{"line":137,"column":77},"end":{"line":140,"column":10}},"skip":true},"10":{"name":"(anonymous_10)","line":148,"loc":{"start":{"line":148,"column":83},"end":{"line":151,"column":10}},"skip":true},"11":{"name":"(anonymous_11)","line":159,"loc":{"start":{"line":159,"column":79},"end":{"line":162,"column":10}},"skip":true},"12":{"name":"(anonymous_12)","line":170,"loc":{"start":{"line":170,"column":75},"end":{"line":173,"column":10}},"skip":true}},"statementMap":{"1":{"start":{"line":12,"column":0},"end":{"line":185,"column":5}},"2":{"start":{"line":14,"column":4},"end":{"line":14,"column":14}},"3":{"start":{"line":19,"column":4},"end":{"line":56,"column":9}},"4":{"start":{"line":21,"column":8},"end":{"line":21,"column":19}},"5":{"start":{"line":23,"column":8},"end":{"line":35,"column":13}},"6":{"start":{"line":24,"column":12},"end":{"line":34,"column":13}},"7":{"start":{"line":25,"column":16},"end":{"line":28,"column":30}},"8":{"start":{"line":30,"column":16},"end":{"line":33,"column":27}},"9":{"start":{"line":37,"column":8},"end":{"line":39,"column":21}},"10":{"start":{"line":40,"column":8},"end":{"line":53,"column":9}},"11":{"start":{"line":43,"column":12},"end":{"line":46,"column":14}},"12":{"start":{"line":47,"column":12},"end":{"line":47,"column":18}},"13":{"start":{"line":50,"column":12},"end":{"line":51,"column":46}},"14":{"start":{"line":52,"column":12},"end":{"line":52,"column":18}},"15":{"start":{"line":55,"column":8},"end":{"line":55,"column":35}},"16":{"start":{"line":61,"column":4},"end":{"line":63,"column":9}},"17":{"start":{"line":62,"column":8},"end":{"line":62,"column":15}},"18":{"start":{"line":64,"column":4},"end":{"line":77,"column":5}},"19":{"start":{"line":70,"column":8},"end":{"line":70,"column":14}},"20":{"start":{"line":76,"column":8},"end":{"line":76,"column":14}},"21":{"start":{"line":82,"column":4},"end":{"line":84,"column":9}},"22":{"start":{"line":83,"column":8},"end":{"line":83,"column":15}},"23":{"start":{"line":85,"column":4},"end":{"line":184,"column":5}},"24":{"start":{"line":92,"column":8},"end":{"line":94,"column":63}},"25":{"start":{"line":95,"column":8},"end":{"line":95,"column":14}},"26":{"start":{"line":102,"column":8},"end":{"line":111,"column":10},"skip":true},"27":{"start":{"line":109,"column":12},"end":{"line":109,"column":55},"skip":true},"28":{"start":{"line":110,"column":12},"end":{"line":110,"column":48},"skip":true},"29":{"start":{"line":113,"column":8},"end":{"line":126,"column":10},"skip":true},"30":{"start":{"line":120,"column":12},"end":{"line":120,"column":76},"skip":true},"31":{"start":{"line":121,"column":12},"end":{"line":121,"column":73},"skip":true},"32":{"start":{"line":122,"column":12},"end":{"line":122,"column":74},"skip":true},"33":{"start":{"line":123,"column":12},"end":{"line":123,"column":79},"skip":true},"34":{"start":{"line":124,"column":12},"end":{"line":124,"column":25},"skip":true},"35":{"start":{"line":125,"column":12},"end":{"line":125,"column":45},"skip":true},"36":{"start":{"line":128,"column":8},"end":{"line":135,"column":14},"skip":true},"37":{"start":{"line":133,"column":16},"end":{"line":133,"column":29},"skip":true},"38":{"start":{"line":134,"column":16},"end":{"line":134,"column":55},"skip":true},"39":{"start":{"line":137,"column":8},"end":{"line":146,"column":10},"skip":true},"40":{"start":{"line":144,"column":12},"end":{"line":144,"column":25},"skip":true},"41":{"start":{"line":145,"column":12},"end":{"line":145,"column":45},"skip":true},"42":{"start":{"line":148,"column":8},"end":{"line":157,"column":10},"skip":true},"43":{"start":{"line":155,"column":12},"end":{"line":155,"column":25},"skip":true},"44":{"start":{"line":156,"column":12},"end":{"line":156,"column":48},"skip":true},"45":{"start":{"line":159,"column":8},"end":{"line":168,"column":10},"skip":true},"46":{"start":{"line":166,"column":12},"end":{"line":166,"column":25},"skip":true},"47":{"start":{"line":167,"column":12},"end":{"line":167,"column":46},"skip":true},"48":{"start":{"line":170,"column":8},"end":{"line":179,"column":10},"skip":true},"49":{"start":{"line":177,"column":12},"end":{"line":177,"column":94},"skip":true},"50":{"start":{"line":178,"column":12},"end":{"line":178,"column":48},"skip":true},"51":{"start":{"line":182,"column":8},"end":{"line":182,"column":35},"skip":true},"52":{"start":{"line":183,"column":8},"end":{"line":183,"column":14},"skip":true}},"branchMap":{"1":{"line":25,"type":"binary-expr","locations":[{"start":{"line":25,"column":23},"end":{"line":25,"column":62}},{"start":{"line":26,"column":20},"end":{"line":26,"column":70}},{"start":{"line":27,"column":20},"end":{"line":27,"column":71}},{"start":{"line":28,"column":20},"end":{"line":28,"column":29}}]},"2":{"line":30,"type":"binary-expr","locations":[{"start":{"line":30,"column":23},"end":{"line":30,"column":37}},{"start":{"line":31,"column":20},"end":{"line":31,"column":61}},{"start":{"line":32,"column":20},"end":{"line":32,"column":70}},{"start":{"line":33,"column":20},"end":{"line":33,"column":26}}]},"3":{"line":37,"type":"cond-expr","locations":[{"start":{"line":38,"column":14},"end":{"line":38,"column":20}},{"start":{"line":39,"column":14},"end":{"line":39,"column":20}}]},"4":{"line":40,"type":"switch","locations":[{"start":{"line":42,"column":8},"end":{"line":47,"column":18}},{"start":{"line":49,"column":8},"end":{"line":52,"column":18}}]},"5":{"line":44,"type":"binary-expr","locations":[{"start":{"line":44,"column":16},"end":{"line":44,"column":44}},{"start":{"line":44,"column":48},"end":{"line":44,"column":66}}]},"6":{"line":50,"type":"binary-expr","locations":[{"start":{"line":50,"column":21},"end":{"line":50,"column":49}},{"start":{"line":50,"column":53},"end":{"line":50,"column":72}}]},"7":{"line":64,"type":"switch","locations":[{"start":{"line":69,"column":4},"end":{"line":70,"column":14}},{"start":{"line":75,"column":4},"end":{"line":76,"column":14}}]},"8":{"line":85,"type":"switch","locations":[{"start":{"line":90,"column":4},"end":{"line":95,"column":14}},{"start":{"line":101,"column":4},"end":{"line":183,"column":14},"skip":true}]},"9":{"line":92,"type":"binary-expr","locations":[{"start":{"line":92,"column":18},"end":{"line":92,"column":32}},{"start":{"line":93,"column":12},"end":{"line":93,"column":53}},{"start":{"line":94,"column":12},"end":{"line":94,"column":61}}]},"10":{"line":102,"type":"binary-expr","locations":[{"start":{"line":102,"column":45},"end":{"line":102,"column":79},"skip":true},{"start":{"line":102,"column":83},"end":{"line":111,"column":9},"skip":true}]},"11":{"line":113,"type":"binary-expr","locations":[{"start":{"line":113,"column":42},"end":{"line":113,"column":73},"skip":true},{"start":{"line":113,"column":77},"end":{"line":126,"column":9},"skip":true}]},"12":{"line":128,"type":"binary-expr","locations":[{"start":{"line":128,"column":48},"end":{"line":128,"column":85},"skip":true},{"start":{"line":129,"column":12},"end":{"line":135,"column":13},"skip":true}]},"13":{"line":137,"type":"binary-expr","locations":[{"start":{"line":137,"column":42},"end":{"line":137,"column":73},"skip":true},{"start":{"line":137,"column":77},"end":{"line":146,"column":9},"skip":true}]},"14":{"line":148,"type":"binary-expr","locations":[{"start":{"line":148,"column":45},"end":{"line":148,"column":79},"skip":true},{"start":{"line":148,"column":83},"end":{"line":157,"column":9},"skip":true}]},"15":{"line":159,"type":"binary-expr","locations":[{"start":{"line":159,"column":43},"end":{"line":159,"column":75},"skip":true},{"start":{"line":159,"column":79},"end":{"line":168,"column":9},"skip":true}]},"16":{"line":170,"type":"binary-expr","locations":[{"start":{"line":170,"column":41},"end":{"line":170,"column":71},"skip":true},{"start":{"line":170,"column":75},"end":{"line":179,"column":9},"skip":true}]}},"code":["/* istanbul instrument in package npmtest_cacheman */","/*jslint","    bitwise: true,","    browser: true,","    maxerr: 8,","    maxlen: 96,","    node: true,","    nomen: true,","    regexp: true,","    stupid: true","*/","(function () {","    'use strict';","    var local;","","","","    // run shared js-env code - pre-init","    (function () {","        // init local","        local = {};","        // init modeJs","        local.modeJs = (function () {","            try {","                return typeof navigator.userAgent === 'string' &&","                    typeof document.querySelector('body') === 'object' &&","                    typeof XMLHttpRequest.prototype.open === 'function' &&","                    'browser';","            } catch (errorCaughtBrowser) {","                return module.exports &&","                    typeof process.versions.node === 'string' &&","                    typeof require('http').createServer === 'function' &&","                    'node';","            }","        }());","        // init global","        local.global = local.modeJs === 'browser'","            ? window","            : global;","        switch (local.modeJs) {","        // re-init local from window.local","        case 'browser':","            local = local.global.utility2.objectSetDefault(","                local.global.utility2_rollup || local.global.local,","                local.global.utility2","            );","            break;","        // re-init local from example.js","        case 'node':","            local = (local.global.utility2_rollup || require('utility2'))","                .requireExampleJsFromReadme();","            break;","        }","        // export local","        local.global.local = local;","    }());","","","","    // run shared js-env code - function","    (function () {","        return;","    }());","    switch (local.modeJs) {","","","","    // run browser js-env code - function","    case 'browser':","        break;","","","","    // run node js-env code - function","    case 'node':","        break;","    }","","","","    // run shared js-env code - post-init","    (function () {","        return;","    }());","    switch (local.modeJs) {","","","","    // run browser js-env code - post-init","    case 'browser':","        // run tests","        local.nop(local.modeTest &&","            document.querySelector('#testRunButton1') &&","            document.querySelector('#testRunButton1').click());","        break;","","","","    // run node js-env code - post-init","    /* istanbul ignore next */","    case 'node':","        local.testCase_buildApidoc_default = local.testCase_buildApidoc_default || function (","            options,","            onError","        ) {","        /*","         * this function will test buildApidoc's default handling-behavior-behavior","         */","            options = { modulePathList: module.paths };","            local.buildApidoc(options, onError);","        };","","        local.testCase_buildApp_default = local.testCase_buildApp_default || function (","            options,","            onError","        ) {","        /*","         * this function will test buildApp's default handling-behavior-behavior","         */","            local.testCase_buildReadme_default(options, local.onErrorThrow);","            local.testCase_buildLib_default(options, local.onErrorThrow);","            local.testCase_buildTest_default(options, local.onErrorThrow);","            local.testCase_buildCustomOrg_default(options, local.onErrorThrow);","            options = [];","            local.buildApp(options, onError);","        };","","        local.testCase_buildCustomOrg_default = local.testCase_buildCustomOrg_default ||","            function (options, onError) {","            /*","             * this function will test buildCustomOrg's default handling-behavior","             */","                options = {};","                local.buildCustomOrg(options, onError);","            };","","        local.testCase_buildLib_default = local.testCase_buildLib_default || function (","            options,","            onError","        ) {","        /*","         * this function will test buildLib's default handling-behavior","         */","            options = {};","            local.buildLib(options, onError);","        };","","        local.testCase_buildReadme_default = local.testCase_buildReadme_default || function (","            options,","            onError","        ) {","        /*","         * this function will test buildReadme's default handling-behavior-behavior","         */","            options = {};","            local.buildReadme(options, onError);","        };","","        local.testCase_buildTest_default = local.testCase_buildTest_default || function (","            options,","            onError","        ) {","        /*","         * this function will test buildTest's default handling-behavior","         */","            options = {};","            local.buildTest(options, onError);","        };","","        local.testCase_webpage_default = local.testCase_webpage_default || function (","            options,","            onError","        ) {","        /*","         * this function will test webpage's default handling-behavior","         */","            options = { modeCoverageMerge: true, url: local.serverLocalHost + '?modeTest=1' };","            local.browserTest(options, onError);","        };","","        // run test-server","        local.testRunServer(local);","        break;","    }","}());",""],"l":{"12":2,"14":2,"19":2,"21":2,"23":2,"24":2,"25":2,"30":1,"37":2,"40":2,"43":1,"47":1,"50":1,"52":1,"55":2,"61":2,"62":2,"64":2,"70":1,"76":1,"82":2,"83":2,"85":2,"92":1,"95":1,"102":1,"109":1,"110":1,"113":1,"120":1,"121":1,"122":1,"123":1,"124":1,"125":1,"128":1,"133":2,"134":2,"137":1,"144":2,"145":2,"148":1,"155":2,"156":2,"159":1,"166":2,"167":2,"170":1,"177":1,"178":1,"182":1,"183":1}},"/home/travis/build/npmtest/node-npmtest-cacheman/lib.npmtest_cacheman.js":{"path":"/home/travis/build/npmtest/node-npmtest-cacheman/lib.npmtest_cacheman.js","s":{"1":2,"2":2,"3":2,"4":2,"5":2,"6":2,"7":2,"8":1,"9":2,"10":2,"11":2,"12":2,"13":1,"14":1,"15":1,"16":1},"b":{"1":[2,1,1,1],"2":[1,1,1,1],"3":[1,1],"4":[2,2],"5":[1,1]},"f":{"1":2,"2":2,"3":2},"fnMap":{"1":{"name":"(anonymous_1)","line":12,"loc":{"start":{"line":12,"column":1},"end":{"line":12,"column":13}}},"2":{"name":"(anonymous_2)","line":19,"loc":{"start":{"line":19,"column":5},"end":{"line":19,"column":17}}},"3":{"name":"(anonymous_3)","line":23,"loc":{"start":{"line":23,"column":24},"end":{"line":23,"column":36}}}},"statementMap":{"1":{"start":{"line":12,"column":0},"end":{"line":53,"column":5}},"2":{"start":{"line":14,"column":4},"end":{"line":14,"column":14}},"3":{"start":{"line":19,"column":4},"end":{"line":52,"column":9}},"4":{"start":{"line":21,"column":8},"end":{"line":21,"column":19}},"5":{"start":{"line":23,"column":8},"end":{"line":35,"column":13}},"6":{"start":{"line":24,"column":12},"end":{"line":34,"column":13}},"7":{"start":{"line":25,"column":16},"end":{"line":28,"column":30}},"8":{"start":{"line":30,"column":16},"end":{"line":33,"column":27}},"9":{"start":{"line":37,"column":8},"end":{"line":39,"column":21}},"10":{"start":{"line":41,"column":8},"end":{"line":41,"column":54}},"11":{"start":{"line":43,"column":8},"end":{"line":43,"column":53}},"12":{"start":{"line":45,"column":8},"end":{"line":51,"column":9}},"13":{"start":{"line":46,"column":12},"end":{"line":46,"column":59}},"14":{"start":{"line":48,"column":12},"end":{"line":48,"column":35}},"15":{"start":{"line":49,"column":12},"end":{"line":49,"column":49}},"16":{"start":{"line":50,"column":12},"end":{"line":50,"column":43}}},"branchMap":{"1":{"line":25,"type":"binary-expr","locations":[{"start":{"line":25,"column":23},"end":{"line":25,"column":62}},{"start":{"line":26,"column":20},"end":{"line":26,"column":70}},{"start":{"line":27,"column":20},"end":{"line":27,"column":71}},{"start":{"line":28,"column":20},"end":{"line":28,"column":29}}]},"2":{"line":30,"type":"binary-expr","locations":[{"start":{"line":30,"column":23},"end":{"line":30,"column":37}},{"start":{"line":31,"column":20},"end":{"line":31,"column":61}},{"start":{"line":32,"column":20},"end":{"line":32,"column":70}},{"start":{"line":33,"column":20},"end":{"line":33,"column":26}}]},"3":{"line":37,"type":"cond-expr","locations":[{"start":{"line":38,"column":14},"end":{"line":38,"column":20}},{"start":{"line":39,"column":14},"end":{"line":39,"column":20}}]},"4":{"line":41,"type":"binary-expr","locations":[{"start":{"line":41,"column":16},"end":{"line":41,"column":44}},{"start":{"line":41,"column":48},"end":{"line":41,"column":53}}]},"5":{"line":45,"type":"if","locations":[{"start":{"line":45,"column":8},"end":{"line":45,"column":8}},{"start":{"line":45,"column":8},"end":{"line":45,"column":8}}]}},"code":["/* istanbul instrument in package npmtest_cacheman */","/*jslint","    bitwise: true,","    browser: true,","    maxerr: 8,","    maxlen: 96,","    node: true,","    nomen: true,","    regexp: true,","    stupid: true","*/","(function () {","    'use strict';","    var local;","","","","    // run shared js-env code - pre-init","    (function () {","        // init local","        local = {};","        // init modeJs","        local.modeJs = (function () {","            try {","                return typeof navigator.userAgent === 'string' &&","                    typeof document.querySelector('body') === 'object' &&","                    typeof XMLHttpRequest.prototype.open === 'function' &&","                    'browser';","            } catch (errorCaughtBrowser) {","                return module.exports &&","                    typeof process.versions.node === 'string' &&","                    typeof require('http').createServer === 'function' &&","                    'node';","            }","        }());","        // init global","        local.global = local.modeJs === 'browser'","            ? window","            : global;","        // init utility2_rollup","        local = local.global.utility2_rollup || local;","        // init lib","        local.local = local.npmtest_cacheman = local;","        // init exports","        if (local.modeJs === 'browser') {","            local.global.utility2_npmtest_cacheman = local;","        } else {","            module.exports = local;","            module.exports.__dirname = __dirname;","            module.exports.module = module;","        }","    }());","}());",""],"l":{"12":2,"14":2,"19":2,"21":2,"23":2,"24":2,"25":2,"30":1,"37":2,"41":2,"43":2,"45":2,"46":1,"48":1,"49":1,"50":1}},"/home/travis/build/npmtest/node-npmtest-cacheman/example.js":{"path":"/home/travis/build/npmtest/node-npmtest-cacheman/example.js","s":{"1":2,"2":2,"3":2,"4":2,"5":2,"6":2,"7":2,"8":1,"9":2,"10":2,"11":2,"12":2,"13":1,"14":2,"15":2,"16":2,"17":2,"18":2,"19":0,"20":2,"21":1,"22":1,"23":1,"24":1,"25":1,"26":0,"27":0,"28":1,"29":1,"30":2,"31":0,"32":0,"33":0,"34":1,"35":2,"36":2,"37":2,"38":2,"39":2,"40":2,"41":0,"42":2,"43":2,"44":2,"45":1,"46":3,"47":1,"48":1,"49":1,"50":1,"51":1,"52":1,"53":1,"54":1,"55":1,"56":1,"57":0,"58":1,"59":6,"60":6,"61":1,"62":2,"63":0,"64":2,"65":1,"66":1,"67":0,"68":0,"69":0,"70":0,"71":0,"72":0,"73":0,"74":0,"75":0,"76":0,"77":0,"78":0,"79":0,"80":0,"81":0,"82":0,"83":0},"b":{"1":[2,1,1,1],"2":[1,1,1,1],"3":[1,1],"4":[2,2],"5":[1,1],"6":[1,1],"7":[2,0],"8":[2,1,1,1,1,1],"9":[0,2,0],"10":[1,1],"11":[2,1,1],"12":[1,0],"13":[0,2],"14":[2,0,0,0,0,0,0],"15":[0,2],"16":[2,0],"17":[1,1],"18":[0,1],"19":[1,2,0,2],"20":[1,0],"21":[1,1],"22":[0,0],"23":[0,0],"24":[0,0],"25":[0,0],"26":[0,0],"27":[0,0],"28":[0,0]},"f":{"1":2,"2":2,"3":2,"4":2,"5":2,"6":2,"7":2,"8":2,"9":3,"10":1,"11":6,"12":0},"fnMap":{"1":{"name":"(anonymous_1)","line":26,"loc":{"start":{"line":26,"column":1},"end":{"line":26,"column":13}}},"2":{"name":"(anonymous_2)","line":33,"loc":{"start":{"line":33,"column":5},"end":{"line":33,"column":17}}},"3":{"name":"(anonymous_3)","line":37,"loc":{"start":{"line":37,"column":24},"end":{"line":37,"column":36}}},"4":{"name":"(anonymous_4)","line":69,"loc":{"start":{"line":69,"column":31},"end":{"line":69,"column":48}},"skip":true},"5":{"name":"(anonymous_5)","line":78,"loc":{"start":{"line":78,"column":26},"end":{"line":78,"column":45}},"skip":true},"6":{"name":"(anonymous_6)","line":123,"loc":{"start":{"line":123,"column":33},"end":{"line":123,"column":48}},"skip":true},"7":{"name":"(anonymous_7)","line":125,"loc":{"start":{"line":125,"column":27},"end":{"line":125,"column":39}},"skip":true},"8":{"name":"(anonymous_8)","line":133,"loc":{"start":{"line":133,"column":59},"end":{"line":133,"column":74}},"skip":true},"9":{"name":"(anonymous_9)","line":143,"loc":{"start":{"line":143,"column":45},"end":{"line":143,"column":62}},"skip":true},"10":{"name":"(anonymous_10)","line":144,"loc":{"start":{"line":144,"column":73},"end":{"line":144,"column":92}},"skip":true},"11":{"name":"(anonymous_11)","line":272,"loc":{"start":{"line":272,"column":51},"end":{"line":272,"column":77}},"skip":true},"12":{"name":"(anonymous_12)","line":314,"loc":{"start":{"line":314,"column":32},"end":{"line":314,"column":61}},"skip":true}},"statementMap":{"1":{"start":{"line":26,"column":0},"end":{"line":325,"column":5}},"2":{"start":{"line":28,"column":4},"end":{"line":28,"column":14}},"3":{"start":{"line":33,"column":4},"end":{"line":60,"column":9}},"4":{"start":{"line":35,"column":8},"end":{"line":35,"column":19}},"5":{"start":{"line":37,"column":8},"end":{"line":49,"column":13}},"6":{"start":{"line":38,"column":12},"end":{"line":48,"column":13}},"7":{"start":{"line":39,"column":16},"end":{"line":42,"column":30}},"8":{"start":{"line":44,"column":16},"end":{"line":47,"column":27}},"9":{"start":{"line":51,"column":8},"end":{"line":53,"column":21}},"10":{"start":{"line":55,"column":8},"end":{"line":57,"column":45}},"11":{"start":{"line":59,"column":8},"end":{"line":59,"column":35}},"12":{"start":{"line":61,"column":4},"end":{"line":324,"column":5}},"13":{"start":{"line":69,"column":8},"end":{"line":121,"column":10},"skip":true},"14":{"start":{"line":70,"column":12},"end":{"line":88,"column":13},"skip":true},"15":{"start":{"line":76,"column":16},"end":{"line":87,"column":19},"skip":true},"16":{"start":{"line":79,"column":20},"end":{"line":86,"column":21},"skip":true},"17":{"start":{"line":82,"column":24},"end":{"line":82,"column":43},"skip":true},"18":{"start":{"line":83,"column":24},"end":{"line":83,"column":30},"skip":true},"19":{"start":{"line":85,"column":24},"end":{"line":85,"column":49},"skip":true},"20":{"start":{"line":89,"column":12},"end":{"line":107,"column":13},"skip":true},"21":{"start":{"line":92,"column":16},"end":{"line":102,"column":17},"skip":true},"22":{"start":{"line":93,"column":20},"end":{"line":93,"column":86},"skip":true},"23":{"start":{"line":94,"column":20},"end":{"line":95,"column":45},"skip":true},"24":{"start":{"line":96,"column":20},"end":{"line":96,"column":42},"skip":true},"25":{"start":{"line":97,"column":20},"end":{"line":97,"column":48},"skip":true},"26":{"start":{"line":100,"column":20},"end":{"line":100,"column":85},"skip":true},"27":{"start":{"line":101,"column":20},"end":{"line":101,"column":96},"skip":true},"28":{"start":{"line":103,"column":16},"end":{"line":103,"column":22},"skip":true},"29":{"start":{"line":106,"column":16},"end":{"line":106,"column":22},"skip":true},"30":{"start":{"line":108,"column":12},"end":{"line":120,"column":13},"skip":true},"31":{"start":{"line":114,"column":16},"end":{"line":119,"column":17},"skip":true},"32":{"start":{"line":116,"column":20},"end":{"line":116,"column":78},"skip":true},"33":{"start":{"line":118,"column":20},"end":{"line":118,"column":47},"skip":true},"34":{"start":{"line":123,"column":8},"end":{"line":141,"column":11},"skip":true},"35":{"start":{"line":124,"column":12},"end":{"line":124,"column":54},"skip":true},"36":{"start":{"line":125,"column":12},"end":{"line":140,"column":14},"skip":true},"37":{"start":{"line":126,"column":16},"end":{"line":126,"column":28},"skip":true},"38":{"start":{"line":127,"column":16},"end":{"line":127,"column":69},"skip":true},"39":{"start":{"line":128,"column":16},"end":{"line":128,"column":75},"skip":true},"40":{"start":{"line":129,"column":16},"end":{"line":131,"column":17},"skip":true},"41":{"start":{"line":130,"column":20},"end":{"line":130,"column":27},"skip":true},"42":{"start":{"line":133,"column":16},"end":{"line":137,"column":36},"skip":true},"43":{"start":{"line":134,"column":20},"end":{"line":136,"column":55},"skip":true},"44":{"start":{"line":139,"column":16},"end":{"line":139,"column":57},"skip":true},"45":{"start":{"line":143,"column":8},"end":{"line":147,"column":11},"skip":true},"46":{"start":{"line":144,"column":12},"end":{"line":146,"column":15},"skip":true},"47":{"start":{"line":145,"column":16},"end":{"line":145,"column":70},"skip":true},"48":{"start":{"line":149,"column":8},"end":{"line":149,"column":31},"skip":true},"49":{"start":{"line":150,"column":8},"end":{"line":150,"column":14},"skip":true},"50":{"start":{"line":158,"column":8},"end":{"line":158,"column":31},"skip":true},"51":{"start":{"line":160,"column":8},"end":{"line":160,"column":33},"skip":true},"52":{"start":{"line":161,"column":8},"end":{"line":161,"column":37},"skip":true},"53":{"start":{"line":162,"column":8},"end":{"line":162,"column":35},"skip":true},"54":{"start":{"line":164,"column":8},"end":{"line":164,"column":50},"skip":true},"55":{"start":{"line":166,"column":8},"end":{"line":256,"column":2},"skip":true},"56":{"start":{"line":258,"column":8},"end":{"line":286,"column":9},"skip":true},"57":{"start":{"line":259,"column":12},"end":{"line":269,"column":14},"skip":true},"58":{"start":{"line":271,"column":12},"end":{"line":285,"column":19},"skip":true},"59":{"start":{"line":274,"column":20},"end":{"line":274,"column":35},"skip":true},"60":{"start":{"line":275,"column":20},"end":{"line":284,"column":21},"skip":true},"61":{"start":{"line":277,"column":24},"end":{"line":277,"column":64},"skip":true},"62":{"start":{"line":279,"column":24},"end":{"line":279,"column":40},"skip":true},"63":{"start":{"line":281,"column":24},"end":{"line":281,"column":40},"skip":true},"64":{"start":{"line":283,"column":24},"end":{"line":283,"column":39},"skip":true},"65":{"start":{"line":288,"column":8},"end":{"line":290,"column":9},"skip":true},"66":{"start":{"line":289,"column":12},"end":{"line":289,"column":18},"skip":true},"67":{"start":{"line":291,"column":8},"end":{"line":293,"column":54},"skip":true},"68":{"start":{"line":294,"column":8},"end":{"line":301,"column":37},"skip":true},"69":{"start":{"line":302,"column":8},"end":{"line":302,"column":82},"skip":true},"70":{"start":{"line":305,"column":8},"end":{"line":307,"column":9},"skip":true},"71":{"start":{"line":306,"column":12},"end":{"line":306,"column":82},"skip":true},"72":{"start":{"line":309,"column":8},"end":{"line":311,"column":9},"skip":true},"73":{"start":{"line":310,"column":12},"end":{"line":310,"column":18},"skip":true},"74":{"start":{"line":312,"column":8},"end":{"line":312,"column":54},"skip":true},"75":{"start":{"line":313,"column":8},"end":{"line":313,"column":69},"skip":true},"76":{"start":{"line":314,"column":8},"end":{"line":322,"column":36},"skip":true},"77":{"start":{"line":315,"column":12},"end":{"line":315,"column":61},"skip":true},"78":{"start":{"line":316,"column":12},"end":{"line":319,"column":13},"skip":true},"79":{"start":{"line":317,"column":16},"end":{"line":317,"column":75},"skip":true},"80":{"start":{"line":318,"column":16},"end":{"line":318,"column":23},"skip":true},"81":{"start":{"line":320,"column":12},"end":{"line":320,"column":38},"skip":true},"82":{"start":{"line":321,"column":12},"end":{"line":321,"column":27},"skip":true},"83":{"start":{"line":323,"column":8},"end":{"line":323,"column":14},"skip":true}},"branchMap":{"1":{"line":39,"type":"binary-expr","locations":[{"start":{"line":39,"column":23},"end":{"line":39,"column":62}},{"start":{"line":40,"column":20},"end":{"line":40,"column":70}},{"start":{"line":41,"column":20},"end":{"line":41,"column":71}},{"start":{"line":42,"column":20},"end":{"line":42,"column":29}}]},"2":{"line":44,"type":"binary-expr","locations":[{"start":{"line":44,"column":23},"end":{"line":44,"column":37}},{"start":{"line":45,"column":20},"end":{"line":45,"column":61}},{"start":{"line":46,"column":20},"end":{"line":46,"column":70}},{"start":{"line":47,"column":20},"end":{"line":47,"column":26}}]},"3":{"line":51,"type":"cond-expr","locations":[{"start":{"line":52,"column":14},"end":{"line":52,"column":20}},{"start":{"line":53,"column":14},"end":{"line":53,"column":20}}]},"4":{"line":55,"type":"binary-expr","locations":[{"start":{"line":55,"column":16},"end":{"line":55,"column":44}},{"start":{"line":55,"column":49},"end":{"line":57,"column":43}}]},"5":{"line":55,"type":"cond-expr","locations":[{"start":{"line":56,"column":14},"end":{"line":56,"column":52}},{"start":{"line":57,"column":14},"end":{"line":57,"column":43}}]},"6":{"line":61,"type":"switch","locations":[{"start":{"line":68,"column":4},"end":{"line":150,"column":14},"skip":true},{"start":{"line":156,"column":4},"end":{"line":323,"column":14},"skip":true}]},"7":{"line":70,"type":"if","locations":[{"start":{"line":70,"column":12},"end":{"line":70,"column":12},"skip":true},{"start":{"line":70,"column":12},"end":{"line":70,"column":12},"skip":true}]},"8":{"line":70,"type":"binary-expr","locations":[{"start":{"line":70,"column":16},"end":{"line":70,"column":22},"skip":true},{"start":{"line":70,"column":27},"end":{"line":70,"column":32},"skip":true},{"start":{"line":71,"column":20},"end":{"line":71,"column":39},"skip":true},{"start":{"line":72,"column":20},"end":{"line":72,"column":49},"skip":true},{"start":{"line":73,"column":20},"end":{"line":73,"column":58},"skip":true},{"start":{"line":74,"column":20},"end":{"line":74,"column":69},"skip":true}]},"9":{"line":79,"type":"switch","locations":[{"start":{"line":80,"column":20},"end":{"line":80,"column":33},"skip":true},{"start":{"line":81,"column":20},"end":{"line":83,"column":30},"skip":true},{"start":{"line":84,"column":20},"end":{"line":85,"column":49},"skip":true}]},"10":{"line":89,"type":"switch","locations":[{"start":{"line":90,"column":12},"end":{"line":103,"column":22},"skip":true},{"start":{"line":105,"column":12},"end":{"line":106,"column":22},"skip":true}]},"11":{"line":89,"type":"binary-expr","locations":[{"start":{"line":89,"column":20},"end":{"line":89,"column":25},"skip":true},{"start":{"line":89,"column":29},"end":{"line":89,"column":48},"skip":true},{"start":{"line":89,"column":52},"end":{"line":89,"column":74},"skip":true}]},"12":{"line":92,"type":"if","locations":[{"start":{"line":92,"column":16},"end":{"line":92,"column":16},"skip":true},{"start":{"line":92,"column":16},"end":{"line":92,"column":16},"skip":true}]},"13":{"line":108,"type":"if","locations":[{"start":{"line":108,"column":12},"end":{"line":108,"column":12},"skip":true},{"start":{"line":108,"column":12},"end":{"line":108,"column":12},"skip":true}]},"14":{"line":108,"type":"binary-expr","locations":[{"start":{"line":108,"column":16},"end":{"line":108,"column":61},"skip":true},{"start":{"line":108,"column":66},"end":{"line":108,"column":72},"skip":true},{"start":{"line":108,"column":77},"end":{"line":108,"column":82},"skip":true},{"start":{"line":109,"column":20},"end":{"line":109,"column":39},"skip":true},{"start":{"line":110,"column":20},"end":{"line":110,"column":49},"skip":true},{"start":{"line":111,"column":20},"end":{"line":111,"column":58},"skip":true},{"start":{"line":112,"column":20},"end":{"line":112,"column":68},"skip":true}]},"15":{"line":129,"type":"if","locations":[{"start":{"line":129,"column":16},"end":{"line":129,"column":16},"skip":true},{"start":{"line":129,"column":16},"end":{"line":129,"column":16},"skip":true}]},"16":{"line":134,"type":"cond-expr","locations":[{"start":{"line":135,"column":26},"end":{"line":135,"column":29},"skip":true},{"start":{"line":136,"column":26},"end":{"line":136,"column":54},"skip":true}]},"17":{"line":164,"type":"binary-expr","locations":[{"start":{"line":164,"column":27},"end":{"line":164,"column":43},"skip":true},{"start":{"line":164,"column":47},"end":{"line":164,"column":49},"skip":true}]},"18":{"line":258,"type":"if","locations":[{"start":{"line":258,"column":8},"end":{"line":258,"column":8},"skip":true},{"start":{"line":258,"column":8},"end":{"line":258,"column":8},"skip":true}]},"19":{"line":275,"type":"switch","locations":[{"start":{"line":276,"column":20},"end":{"line":277,"column":64},"skip":true},{"start":{"line":278,"column":20},"end":{"line":279,"column":40},"skip":true},{"start":{"line":280,"column":20},"end":{"line":281,"column":40},"skip":true},{"start":{"line":282,"column":20},"end":{"line":283,"column":39},"skip":true}]},"20":{"line":288,"type":"if","locations":[{"start":{"line":288,"column":8},"end":{"line":288,"column":8},"skip":true},{"start":{"line":288,"column":8},"end":{"line":288,"column":8},"skip":true}]},"21":{"line":288,"type":"binary-expr","locations":[{"start":{"line":288,"column":12},"end":{"line":288,"column":40},"skip":true},{"start":{"line":288,"column":44},"end":{"line":288,"column":67},"skip":true}]},"22":{"line":292,"type":"binary-expr","locations":[{"start":{"line":292,"column":12},"end":{"line":292,"column":50},"skip":true},{"start":{"line":293,"column":12},"end":{"line":293,"column":53},"skip":true}]},"23":{"line":295,"type":"binary-expr","locations":[{"start":{"line":295,"column":12},"end":{"line":295,"column":66},"skip":true},{"start":{"line":296,"column":12},"end":{"line":301,"column":36},"skip":true}]},"24":{"line":302,"type":"binary-expr","locations":[{"start":{"line":302,"column":43},"end":{"line":302,"column":75},"skip":true},{"start":{"line":302,"column":79},"end":{"line":302,"column":81},"skip":true}]},"25":{"line":305,"type":"if","locations":[{"start":{"line":305,"column":8},"end":{"line":305,"column":8},"skip":true},{"start":{"line":305,"column":8},"end":{"line":305,"column":8},"skip":true}]},"26":{"line":309,"type":"if","locations":[{"start":{"line":309,"column":8},"end":{"line":309,"column":8},"skip":true},{"start":{"line":309,"column":8},"end":{"line":309,"column":8},"skip":true}]},"27":{"line":312,"type":"binary-expr","locations":[{"start":{"line":312,"column":27},"end":{"line":312,"column":43},"skip":true},{"start":{"line":312,"column":47},"end":{"line":312,"column":53},"skip":true}]},"28":{"line":316,"type":"if","locations":[{"start":{"line":316,"column":12},"end":{"line":316,"column":12},"skip":true},{"start":{"line":316,"column":12},"end":{"line":316,"column":12},"skip":true}]}},"code":["/*","example.js","","quickstart example","","instruction","    1. save this script as example.js","    2. run the shell command:","        $ npm install npmtest-cacheman && PORT=8081 node example.js","    3. play with the browser-demo on http://127.0.0.1:8081","*/","","","","/* istanbul instrument in package npmtest_cacheman */","/*jslint","    bitwise: true,","    browser: true,","    maxerr: 8,","    maxlen: 96,","    node: true,","    nomen: true,","    regexp: true,","    stupid: true","*/","(function () {","    'use strict';","    var local;","","","","    // run shared js-env code - pre-init","    (function () {","        // init local","        local = {};","        // init modeJs","        local.modeJs = (function () {","            try {","                return typeof navigator.userAgent === 'string' &&","                    typeof document.querySelector('body') === 'object' &&","                    typeof XMLHttpRequest.prototype.open === 'function' &&","                    'browser';","            } catch (errorCaughtBrowser) {","                return module.exports &&","                    typeof process.versions.node === 'string' &&","                    typeof require('http').createServer === 'function' &&","                    'node';","            }","        }());","        // init global","        local.global = local.modeJs === 'browser'","            ? window","            : global;","        // init utility2_rollup","        local = local.global.utility2_rollup || (local.modeJs === 'browser'","            ? local.global.utility2_npmtest_cacheman","            : global.utility2_moduleExports);","        // export local","        local.global.local = local;","    }());","    switch (local.modeJs) {","","","","    // post-init","    // run browser js-env code - post-init","    /* istanbul ignore next */","    case 'browser':","        local.testRunBrowser = function (event) {","            if (!event || (event &&","                    event.currentTarget &&","                    event.currentTarget.className &&","                    event.currentTarget.className.includes &&","                    event.currentTarget.className.includes('onreset'))) {","                // reset output","                Array.from(","                    document.querySelectorAll('body > .resettable')","                ).forEach(function (element) {","                    switch (element.tagName) {","                    case 'INPUT':","                    case 'TEXTAREA':","                        element.value = '';","                        break;","                    default:","                        element.textContent = '';","                    }","                });","            }","            switch (event && event.currentTarget && event.currentTarget.id) {","            case 'testRunButton1':","                // show tests","                if (document.querySelector('#testReportDiv1').style.display === 'none') {","                    document.querySelector('#testReportDiv1').style.display = 'block';","                    document.querySelector('#testRunButton1').textContent =","                        'hide internal test';","                    local.modeTest = true;","                    local.testRunDefault(local);","                // hide tests","                } else {","                    document.querySelector('#testReportDiv1').style.display = 'none';","                    document.querySelector('#testRunButton1').textContent = 'run internal test';","                }","                break;","            // custom-case","            default:","                break;","            }","            if (document.querySelector('#inputTextareaEval1') && (!event || (event &&","                    event.currentTarget &&","                    event.currentTarget.className &&","                    event.currentTarget.className.includes &&","                    event.currentTarget.className.includes('oneval')))) {","                // try to eval input-code","                try {","                    /*jslint evil: true*/","                    eval(document.querySelector('#inputTextareaEval1').value);","                } catch (errorCaught) {","                    console.error(errorCaught);","                }","            }","        };","        // log stderr and stdout to #outputTextareaStdout1","        ['error', 'log'].forEach(function (key) {","            console[key + '_original'] = console[key];","            console[key] = function () {","                var element;","                console[key + '_original'].apply(console, arguments);","                element = document.querySelector('#outputTextareaStdout1');","                if (!element) {","                    return;","                }","                // append text to #outputTextareaStdout1","                element.value += Array.from(arguments).map(function (arg) {","                    return typeof arg === 'string'","                        ? arg","                        : JSON.stringify(arg, null, 4);","                }).join(' ') + '\\n';","                // scroll textarea to bottom","                element.scrollTop = element.scrollHeight;","            };","        });","        // init event-handling","        ['change', 'click', 'keyup'].forEach(function (event) {","            Array.from(document.querySelectorAll('.on' + event)).forEach(function (element) {","                element.addEventListener(event, local.testRunBrowser);","            });","        });","        // run tests","        local.testRunBrowser();","        break;","","","","    // run node js-env code - post-init","    /* istanbul ignore next */","    case 'node':","        // export local","        module.exports = local;","        // require modules","        local.fs = require('fs');","        local.http = require('http');","        local.url = require('url');","        // init assets","        local.assetsDict = local.assetsDict || {};","        /* jslint-ignore-begin */","        local.assetsDict['/assets.index.template.html'] = '\\","<!doctype html>\\n\\","<html lang=\"en\">\\n\\","<head>\\n\\","<meta charset=\"UTF-8\">\\n\\","<meta name=\"viewport\" content=\"width=device-width, initial-scale=1\">\\n\\","<title>{{env.npm_package_name}} (v{{env.npm_package_version}})</title>\\n\\","<style>\\n\\","/*csslint\\n\\","    box-sizing: false,\\n\\","    universal-selector: false\\n\\","*/\\n\\","* {\\n\\","    box-sizing: border-box;\\n\\","}\\n\\","body {\\n\\","    background: #dde;\\n\\","    font-family: Arial, Helvetica, sans-serif;\\n\\","    margin: 2rem;\\n\\","}\\n\\","body > * {\\n\\","    margin-bottom: 1rem;\\n\\","}\\n\\",".utility2FooterDiv {\\n\\","    margin-top: 20px;\\n\\","    text-align: center;\\n\\","}\\n\\","</style>\\n\\","<style>\\n\\","/*csslint\\n\\","*/\\n\\","textarea {\\n\\","    font-family: monospace;\\n\\","    height: 10rem;\\n\\","    width: 100%;\\n\\","}\\n\\","textarea[readonly] {\\n\\","    background: #ddd;\\n\\","}\\n\\","</style>\\n\\","</head>\\n\\","<body>\\n\\","<!-- utility2-comment\\n\\","<div id=\"ajaxProgressDiv1\" style=\"background: #d00; height: 2px; left: 0; margin: 0; padding: 0; position: fixed; top: 0; transition: background 0.5s, width 1.5s; width: 25%;\"></div>\\n\\","utility2-comment -->\\n\\","<h1>\\n\\","<!-- utility2-comment\\n\\","    <a\\n\\","        {{#if env.npm_package_homepage}}\\n\\","        href=\"{{env.npm_package_homepage}}\"\\n\\","        {{/if env.npm_package_homepage}}\\n\\","        target=\"_blank\"\\n\\","    >\\n\\","utility2-comment -->\\n\\","        {{env.npm_package_name}} (v{{env.npm_package_version}})\\n\\","<!-- utility2-comment\\n\\","    </a>\\n\\","utility2-comment -->\\n\\","</h1>\\n\\","<h3>{{env.npm_package_description}}</h3>\\n\\","<!-- utility2-comment\\n\\","<h4><a download href=\"assets.app.js\">download standalone app</a></h4>\\n\\","<button class=\"onclick onreset\" id=\"testRunButton1\">run internal test</button><br>\\n\\","<div id=\"testReportDiv1\" style=\"display: none;\"></div>\\n\\","utility2-comment -->\\n\\","\\n\\","\\n\\","\\n\\","<label>stderr and stdout</label>\\n\\","<textarea class=\"resettable\" id=\"outputTextareaStdout1\" readonly></textarea>\\n\\","<!-- utility2-comment\\n\\","{{#if isRollup}}\\n\\","<script src=\"assets.app.js\"></script>\\n\\","{{#unless isRollup}}\\n\\","utility2-comment -->\\n\\","<script src=\"assets.utility2.rollup.js\"></script>\\n\\","<script src=\"jsonp.utility2._stateInit?callback=window.utility2._stateInit\"></script>\\n\\","<script src=\"assets.npmtest_cacheman.rollup.js\"></script>\\n\\","<script src=\"assets.example.js\"></script>\\n\\","<script src=\"assets.test.js\"></script>\\n\\","<!-- utility2-comment\\n\\","{{/if isRollup}}\\n\\","utility2-comment -->\\n\\","<div class=\"utility2FooterDiv\">\\n\\","    [ this app was created with\\n\\","    <a href=\"https://github.com/kaizhu256/node-utility2\" target=\"_blank\">utility2</a>\\n\\","    ]\\n\\","</div>\\n\\","</body>\\n\\","</html>\\n\\","';","        /* jslint-ignore-end */","        if (local.templateRender) {","            local.assetsDict['/'] = local.templateRender(","                local.assetsDict['/assets.index.template.html'],","                {","                    env: local.objectSetDefault(local.env, {","                        npm_package_description: 'the greatest app in the world!',","                        npm_package_name: 'my-app',","                        npm_package_nameAlias: 'my_app',","                        npm_package_version: '0.0.1'","                    })","                }","            );","        } else {","            local.assetsDict['/'] = local.assetsDict['/assets.index.template.html']","                .replace((/\\{\\{env\\.(\\w+?)\\}\\}/g), function (match0, match1) {","                    // jslint-hack","                    String(match0);","                    switch (match1) {","                    case 'npm_package_description':","                        return 'the greatest app in the world!';","                    case 'npm_package_name':","                        return 'my-app';","                    case 'npm_package_nameAlias':","                        return 'my_app';","                    case 'npm_package_version':","                        return '0.0.1';","                    }","                });","        }","        // run the cli","        if (local.global.utility2_rollup || module !== require.main) {","            break;","        }","        local.assetsDict['/assets.example.js'] =","            local.assetsDict['/assets.example.js'] ||","            local.fs.readFileSync(__filename, 'utf8');","        local.assetsDict['/assets.npmtest_cacheman.rollup.js'] =","            local.assetsDict['/assets.npmtest_cacheman.rollup.js'] ||","            local.fs.readFileSync(","                // buildCustomOrg-hack","                local.npmtest_cacheman.__dirname +","                    '/lib.npmtest_cacheman.js',","                'utf8'","            ).replace((/^#!/), '//');","        local.assetsDict['/favicon.ico'] = local.assetsDict['/favicon.ico'] || '';","        // if $npm_config_timeout_exit exists,","        // then exit this process after $npm_config_timeout_exit ms","        if (Number(process.env.npm_config_timeout_exit)) {","            setTimeout(process.exit, Number(process.env.npm_config_timeout_exit));","        }","        // start server","        if (local.global.utility2_serverHttp1) {","            break;","        }","        process.env.PORT = process.env.PORT || '8081';","        console.error('server starting on port ' + process.env.PORT);","        local.http.createServer(function (request, response) {","            request.urlParsed = local.url.parse(request.url);","            if (local.assetsDict[request.urlParsed.pathname] !== undefined) {","                response.end(local.assetsDict[request.urlParsed.pathname]);","                return;","            }","            response.statusCode = 404;","            response.end();","        }).listen(process.env.PORT);","        break;","    }","}());",""],"l":{"26":2,"28":2,"33":2,"35":2,"37":2,"38":2,"39":2,"44":1,"51":2,"55":2,"59":2,"61":2,"69":1,"70":2,"76":2,"79":2,"82":2,"83":2,"85":1,"89":2,"92":1,"93":1,"94":1,"96":1,"97":1,"100":1,"101":1,"103":1,"106":1,"108":2,"114":1,"116":1,"118":1,"123":1,"124":2,"125":2,"126":2,"127":2,"128":2,"129":2,"130":1,"133":2,"134":2,"139":2,"143":1,"144":3,"145":1,"149":1,"150":1,"158":1,"160":1,"161":1,"162":1,"164":1,"166":1,"258":1,"259":1,"271":1,"274":6,"275":6,"277":1,"279":2,"281":1,"283":2,"288":1,"289":1,"291":1,"294":1,"302":1,"305":1,"306":1,"309":1,"310":1,"312":1,"313":1,"314":1,"315":1,"316":1,"317":1,"318":1,"320":1,"321":1,"323":1}},"/home/travis/build/npmtest/node-npmtest-cacheman/node_modules/cacheman/node/index.js":{"path":"/home/travis/build/npmtest/node-npmtest-cacheman/node_modules/cacheman/node/index.js","s":{"1":1,"2":0,"3":0,"4":0,"5":0,"6":0,"7":0,"8":1,"9":0,"10":0,"11":1,"12":1,"13":1,"14":10,"15":10,"16":10,"17":10,"18":10,"19":10,"20":1,"21":1,"22":1,"23":1,"24":0,"25":1,"26":1,"27":1,"28":1,"29":1,"30":1,"31":1,"32":0,"33":0,"34":1,"35":0,"36":0,"37":0,"38":1,"39":1,"40":0,"41":1,"42":1,"43":1,"44":1,"45":1,"46":1,"47":1,"48":0,"49":0,"50":0,"51":0,"52":0,"53":0,"54":0,"55":1,"56":1,"57":0,"58":0,"59":0,"60":0,"61":0,"62":0,"63":0,"64":0,"65":0,"66":0,"67":0,"68":0,"69":0,"70":1,"71":1,"72":0,"73":0,"74":0,"75":0,"76":0,"77":0,"78":0,"79":0,"80":0,"81":0,"82":0,"83":0,"84":0,"85":0,"86":0,"87":0,"88":0,"89":0,"90":0,"91":0,"92":0,"93":0,"94":0,"95":0,"96":0,"97":1,"98":0,"99":0,"100":0,"101":0,"102":0,"103":0,"104":0,"105":0,"106":0,"107":0,"108":0,"109":0,"110":0,"111":0,"112":0,"113":0,"114":0,"115":0,"116":0,"117":0,"118":0,"119":0,"120":0,"121":0,"122":0,"123":0,"124":0,"125":0,"126":0,"127":0,"128":0,"129":0,"130":0,"131":0,"132":0,"133":0,"134":0,"135":0,"136":0,"137":0,"138":0,"139":0,"140":0,"141":0,"142":0,"143":0,"144":0,"145":0,"146":0,"147":0,"148":0,"149":0,"150":0,"151":0,"152":0,"153":0,"154":0,"155":0,"156":0,"157":0,"158":0,"159":0,"160":0,"161":0,"162":0,"163":0,"164":0,"165":0,"166":0,"167":0,"168":0,"169":0,"170":0,"171":0,"172":0,"173":0,"174":0,"175":0,"176":0,"177":0,"178":0,"179":0,"180":0,"181":0,"182":0,"183":0,"184":0,"185":0,"186":0,"187":0,"188":0,"189":0,"190":0,"191":0,"192":0,"193":0,"194":0,"195":0,"196":0,"197":0,"198":0,"199":0,"200":0,"201":0,"202":0,"203":0,"204":0,"205":0,"206":0,"207":0,"208":0,"209":0,"210":0,"211":0,"212":0,"213":0,"214":1,"215":1,"216":1,"217":1},"b":{"1":[1,0],"2":[0,0],"3":[1,0],"4":[1,1],"5":[0,0],"6":[0,0,0],"7":[10,10],"8":[10,0],"9":[1,0],"10":[0,1],"11":[0,1],"12":[1,1],"13":[0,0],"14":[0,0],"15":[0,0],"16":[0,0,0],"17":[0,1],"18":[1,0],"19":[1,1],"20":[1,0],"21":[1,0],"22":[0,0],"23":[0,0],"24":[0,0],"25":[0,0],"26":[0,0],"27":[0,0],"28":[0,0],"29":[0,0],"30":[0,0],"31":[0,0],"32":[0,0],"33":[0,0],"34":[0,0],"35":[0,0],"36":[0,0],"37":[0,0],"38":[0,0],"39":[0,0],"40":[0,0],"41":[0,0],"42":[0,0],"43":[0,0],"44":[0,0],"45":[0,0],"46":[0,0],"47":[0,0],"48":[0,0],"49":[0,0],"50":[0,0],"51":[0,0],"52":[0,0],"53":[0,0],"54":[0,0],"55":[0,0],"56":[0,0],"57":[0,0],"58":[0,0],"59":[0,0],"60":[0,0],"61":[0,0],"62":[0,0],"63":[0,0],"64":[0,0],"65":[0,0],"66":[0,0],"67":[0,0],"68":[0,0],"69":[0,0],"70":[0,0],"71":[0,0],"72":[0,0],"73":[0,0],"74":[0,0],"75":[0,0],"76":[0,0],"77":[0,0],"78":[0,0]},"f":{"1":0,"2":0,"3":0,"4":1,"5":1,"6":1,"7":1,"8":0,"9":0,"10":1,"11":1,"12":0,"13":0,"14":0,"15":0,"16":1,"17":0,"18":0,"19":0,"20":0,"21":0,"22":0,"23":0,"24":0,"25":0,"26":0,"27":0,"28":0,"29":0,"30":0,"31":0,"32":0,"33":0,"34":0,"35":0,"36":0,"37":0,"38":0,"39":0,"40":0,"41":0,"42":0,"43":0,"44":0,"45":0,"46":0,"47":0,"48":0,"49":0},"fnMap":{"1":{"name":"(anonymous_1)","line":7,"loc":{"start":{"line":7,"column":32},"end":{"line":7,"column":50}}},"2":{"name":"(anonymous_2)","line":9,"loc":{"start":{"line":9,"column":84},"end":{"line":9,"column":99}}},"3":{"name":"(anonymous_3)","line":9,"loc":{"start":{"line":9,"column":124},"end":{"line":9,"column":139}}},"4":{"name":"(anonymous_4)","line":11,"loc":{"start":{"line":11,"column":19},"end":{"line":11,"column":31}}},"5":{"name":"defineProperties","line":11,"loc":{"start":{"line":11,"column":33},"end":{"line":11,"column":74}}},"6":{"name":"(anonymous_6)","line":11,"loc":{"start":{"line":11,"column":357},"end":{"line":11,"column":405}}},"7":{"name":"_interopRequireDefault","line":21,"loc":{"start":{"line":21,"column":0},"end":{"line":21,"column":37}}},"8":{"name":"_classCallCheck","line":23,"loc":{"start":{"line":23,"column":0},"end":{"line":23,"column":48}}},"9":{"name":"_possibleConstructorReturn","line":25,"loc":{"start":{"line":25,"column":0},"end":{"line":25,"column":48}}},"10":{"name":"_inherits","line":27,"loc":{"start":{"line":27,"column":0},"end":{"line":27,"column":41}}},"11":{"name":"(anonymous_11)","line":43,"loc":{"start":{"line":43,"column":20},"end":{"line":43,"column":38}}},"12":{"name":"CachemanError","line":46,"loc":{"start":{"line":46,"column":2},"end":{"line":46,"column":34}}},"13":{"name":"maybePromised","line":66,"loc":{"start":{"line":66,"column":0},"end":{"line":66,"column":49}}},"14":{"name":"(anonymous_14)","line":86,"loc":{"start":{"line":86,"column":24},"end":{"line":86,"column":51}}},"15":{"name":"(anonymous_15)","line":87,"loc":{"start":{"line":87,"column":14},"end":{"line":87,"column":36}}},"16":{"name":"(anonymous_16)","line":106,"loc":{"start":{"line":106,"column":15},"end":{"line":106,"column":27}}},"17":{"name":"Cacheman","line":117,"loc":{"start":{"line":117,"column":2},"end":{"line":117,"column":26}}},"18":{"name":"(anonymous_18)","line":127,"loc":{"start":{"line":127,"column":38},"end":{"line":127,"column":50}}},"19":{"name":"engine","line":166,"loc":{"start":{"line":166,"column":11},"end":{"line":166,"column":45}}},"20":{"name":"(anonymous_20)","line":196,"loc":{"start":{"line":196,"column":47},"end":{"line":196,"column":62}}},"21":{"name":"key","line":220,"loc":{"start":{"line":220,"column":11},"end":{"line":220,"column":30}}},"22":{"name":"use","line":236,"loc":{"start":{"line":236,"column":11},"end":{"line":236,"column":28}}},"23":{"name":"run","line":253,"loc":{"start":{"line":253,"column":11},"end":{"line":253,"column":44}}},"24":{"name":"go","line":257,"loc":{"start":{"line":257,"column":15},"end":{"line":257,"column":30}}},"25":{"name":"(anonymous_25)","line":258,"loc":{"start":{"line":258,"column":31},"end":{"line":258,"column":67}}},"26":{"name":"cache","line":286,"loc":{"start":{"line":286,"column":11},"end":{"line":286,"column":46}}},"27":{"name":"(anonymous_27)","line":294,"loc":{"start":{"line":294,"column":37},"end":{"line":294,"column":51}}},"28":{"name":"(anonymous_28)","line":296,"loc":{"start":{"line":296,"column":24},"end":{"line":296,"column":44}}},"29":{"name":"(anonymous_29)","line":298,"loc":{"start":{"line":298,"column":36},"end":{"line":298,"column":73}}},"30":{"name":"get","line":335,"loc":{"start":{"line":335,"column":11},"end":{"line":335,"column":33}}},"31":{"name":"(anonymous_31)","line":338,"loc":{"start":{"line":338,"column":37},"end":{"line":338,"column":51}}},"32":{"name":"set","line":356,"loc":{"start":{"line":356,"column":11},"end":{"line":356,"column":44}}},"33":{"name":"(anonymous_33)","line":368,"loc":{"start":{"line":368,"column":37},"end":{"line":368,"column":51}}},"34":{"name":"(anonymous_34)","line":370,"loc":{"start":{"line":370,"column":34},"end":{"line":370,"column":46}}},"35":{"name":"del","line":394,"loc":{"start":{"line":394,"column":11},"end":{"line":394,"column":33}}},"36":{"name":"(anonymous_36)","line":402,"loc":{"start":{"line":402,"column":37},"end":{"line":402,"column":51}}},"37":{"name":"clear","line":418,"loc":{"start":{"line":418,"column":11},"end":{"line":418,"column":30}}},"38":{"name":"(anonymous_38)","line":421,"loc":{"start":{"line":421,"column":37},"end":{"line":421,"column":51}}},"39":{"name":"wrap","line":440,"loc":{"start":{"line":440,"column":11},"end":{"line":440,"column":45}}},"40":{"name":"(anonymous_40)","line":455,"loc":{"start":{"line":455,"column":37},"end":{"line":455,"column":51}}},"41":{"name":"(anonymous_41)","line":457,"loc":{"start":{"line":457,"column":24},"end":{"line":457,"column":44}}},"42":{"name":"next","line":460,"loc":{"start":{"line":460,"column":22},"end":{"line":460,"column":47}}},"43":{"name":"(anonymous_43)","line":462,"loc":{"start":{"line":462,"column":39},"end":{"line":462,"column":54}}},"44":{"name":"next","line":467,"loc":{"start":{"line":467,"column":20},"end":{"line":467,"column":36}}},"45":{"name":"(anonymous_45)","line":468,"loc":{"start":{"line":468,"column":31},"end":{"line":468,"column":43}}},"46":{"name":"(anonymous_46)","line":475,"loc":{"start":{"line":475,"column":30},"end":{"line":475,"column":51}}},"47":{"name":"(anonymous_47)","line":479,"loc":{"start":{"line":479,"column":31},"end":{"line":479,"column":43}}},"48":{"name":"(anonymous_48)","line":487,"loc":{"start":{"line":487,"column":28},"end":{"line":487,"column":45}}},"49":{"name":"(anonymous_49)","line":489,"loc":{"start":{"line":489,"column":30},"end":{"line":489,"column":45}}}},"statementMap":{"1":{"start":{"line":7,"column":0},"end":{"line":7,"column":257}},"2":{"start":{"line":7,"column":52},"end":{"line":7,"column":239}},"3":{"start":{"line":7,"column":97},"end":{"line":7,"column":123}},"4":{"start":{"line":7,"column":124},"end":{"line":7,"column":237}},"5":{"start":{"line":7,"column":150},"end":{"line":7,"column":235}},"6":{"start":{"line":7,"column":207},"end":{"line":7,"column":233}},"7":{"start":{"line":7,"column":240},"end":{"line":7,"column":254}},"8":{"start":{"line":9,"column":0},"end":{"line":9,"column":241}},"9":{"start":{"line":9,"column":101},"end":{"line":9,"column":119}},"10":{"start":{"line":9,"column":141},"end":{"line":9,"column":238}},"11":{"start":{"line":11,"column":0},"end":{"line":11,"column":564}},"12":{"start":{"line":11,"column":33},"end":{"line":11,"column":349}},"13":{"start":{"line":11,"column":76},"end":{"line":11,"column":347}},"14":{"start":{"line":11,"column":117},"end":{"line":11,"column":143}},"15":{"start":{"line":11,"column":144},"end":{"line":11,"column":199}},"16":{"start":{"line":11,"column":200},"end":{"line":11,"column":231}},"17":{"start":{"line":11,"column":232},"end":{"line":11,"column":286}},"18":{"start":{"line":11,"column":259},"end":{"line":11,"column":286}},"19":{"start":{"line":11,"column":287},"end":{"line":11,"column":345}},"20":{"start":{"line":11,"column":350},"end":{"line":11,"column":559}},"21":{"start":{"line":11,"column":407},"end":{"line":11,"column":475}},"22":{"start":{"line":11,"column":423},"end":{"line":11,"column":475}},"23":{"start":{"line":11,"column":476},"end":{"line":11,"column":536}},"24":{"start":{"line":11,"column":493},"end":{"line":11,"column":536}},"25":{"start":{"line":11,"column":537},"end":{"line":11,"column":556}},"26":{"start":{"line":13,"column":0},"end":{"line":15,"column":3}},"27":{"start":{"line":17,"column":0},"end":{"line":17,"column":24}},"28":{"start":{"line":19,"column":0},"end":{"line":19,"column":39}},"29":{"start":{"line":21,"column":0},"end":{"line":21,"column":95}},"30":{"start":{"line":21,"column":39},"end":{"line":21,"column":93}},"31":{"start":{"line":23,"column":0},"end":{"line":23,"column":153}},"32":{"start":{"line":23,"column":50},"end":{"line":23,"column":151}},"33":{"start":{"line":23,"column":92},"end":{"line":23,"column":149}},"34":{"start":{"line":25,"column":0},"end":{"line":25,"column":240}},"35":{"start":{"line":25,"column":50},"end":{"line":25,"column":151}},"36":{"start":{"line":25,"column":63},"end":{"line":25,"column":149}},"37":{"start":{"line":25,"column":152},"end":{"line":25,"column":238}},"38":{"start":{"line":27,"column":0},"end":{"line":27,"column":494}},"39":{"start":{"line":27,"column":43},"end":{"line":27,"column":208}},"40":{"start":{"line":27,"column":106},"end":{"line":27,"column":206}},"41":{"start":{"line":27,"column":209},"end":{"line":27,"column":373}},"42":{"start":{"line":27,"column":374},"end":{"line":27,"column":492}},"43":{"start":{"line":27,"column":390},"end":{"line":27,"column":492}},"44":{"start":{"line":33,"column":0},"end":{"line":33,"column":51}},"45":{"start":{"line":43,"column":0},"end":{"line":60,"column":9}},"46":{"start":{"line":44,"column":2},"end":{"line":44,"column":35}},"47":{"start":{"line":46,"column":2},"end":{"line":57,"column":3}},"48":{"start":{"line":47,"column":4},"end":{"line":47,"column":41}},"49":{"start":{"line":49,"column":4},"end":{"line":49,"column":108}},"50":{"start":{"line":51,"column":4},"end":{"line":51,"column":39}},"51":{"start":{"line":53,"column":4},"end":{"line":53,"column":23}},"52":{"start":{"line":54,"column":4},"end":{"line":54,"column":29}},"53":{"start":{"line":55,"column":4},"end":{"line":55,"column":42}},"54":{"start":{"line":56,"column":4},"end":{"line":56,"column":18}},"55":{"start":{"line":59,"column":2},"end":{"line":59,"column":23}},"56":{"start":{"line":66,"column":0},"end":{"line":96,"column":1}},"57":{"start":{"line":67,"column":2},"end":{"line":95,"column":3}},"58":{"start":{"line":69,"column":4},"end":{"line":69,"column":22}},"59":{"start":{"line":72,"column":4},"end":{"line":72,"column":17}},"60":{"start":{"line":74,"column":4},"end":{"line":74,"column":41}},"61":{"start":{"line":76,"column":4},"end":{"line":78,"column":5}},"62":{"start":{"line":77,"column":6},"end":{"line":77,"column":198}},"63":{"start":{"line":80,"column":4},"end":{"line":83,"column":5}},"64":{"start":{"line":82,"column":6},"end":{"line":82,"column":44}},"65":{"start":{"line":86,"column":4},"end":{"line":94,"column":7}},"66":{"start":{"line":87,"column":6},"end":{"line":93,"column":9}},"67":{"start":{"line":88,"column":8},"end":{"line":92,"column":9}},"68":{"start":{"line":89,"column":10},"end":{"line":89,"column":22}},"69":{"start":{"line":91,"column":10},"end":{"line":91,"column":25}},"70":{"start":{"line":106,"column":0},"end":{"line":505,"column":4}},"71":{"start":{"line":117,"column":2},"end":{"line":153,"column":3}},"72":{"start":{"line":118,"column":4},"end":{"line":118,"column":90}},"73":{"start":{"line":120,"column":4},"end":{"line":120,"column":36}},"74":{"start":{"line":122,"column":4},"end":{"line":125,"column":5}},"75":{"start":{"line":123,"column":6},"end":{"line":123,"column":21}},"76":{"start":{"line":124,"column":6},"end":{"line":124,"column":18}},"77":{"start":{"line":127,"column":4},"end":{"line":131,"column":8}},"78":{"start":{"line":128,"column":6},"end":{"line":130,"column":20}},"79":{"start":{"line":129,"column":8},"end":{"line":129,"column":23}},"80":{"start":{"line":133,"column":4},"end":{"line":133,"column":27}},"81":{"start":{"line":134,"column":4},"end":{"line":134,"column":42}},"82":{"start":{"line":135,"column":4},"end":{"line":135,"column":78}},"83":{"start":{"line":136,"column":4},"end":{"line":136,"column":42}},"84":{"start":{"line":137,"column":4},"end":{"line":137,"column":76}},"85":{"start":{"line":138,"column":4},"end":{"line":138,"column":48}},"86":{"start":{"line":139,"column":4},"end":{"line":139,"column":80}},"87":{"start":{"line":140,"column":4},"end":{"line":140,"column":36}},"88":{"start":{"line":141,"column":4},"end":{"line":141,"column":61}},"89":{"start":{"line":143,"column":4},"end":{"line":145,"column":5}},"90":{"start":{"line":144,"column":6},"end":{"line":144,"column":54}},"91":{"start":{"line":147,"column":4},"end":{"line":147,"column":59}},"92":{"start":{"line":148,"column":4},"end":{"line":148,"column":125}},"93":{"start":{"line":149,"column":4},"end":{"line":149,"column":26}},"94":{"start":{"line":150,"column":4},"end":{"line":150,"column":20}},"95":{"start":{"line":151,"column":4},"end":{"line":151,"column":19}},"96":{"start":{"line":152,"column":4},"end":{"line":152,"column":24}},"97":{"start":{"line":164,"column":2},"end":{"line":502,"column":6}},"98":{"start":{"line":168,"column":6},"end":{"line":168,"column":49}},"99":{"start":{"line":168,"column":29},"end":{"line":168,"column":49}},"100":{"start":{"line":170,"column":6},"end":{"line":170,"column":81}},"101":{"start":{"line":172,"column":6},"end":{"line":174,"column":7}},"102":{"start":{"line":173,"column":8},"end":{"line":173,"column":119}},"103":{"start":{"line":176,"column":6},"end":{"line":205,"column":7}},"104":{"start":{"line":178,"column":8},"end":{"line":178,"column":31}},"105":{"start":{"line":180,"column":8},"end":{"line":182,"column":9}},"106":{"start":{"line":181,"column":10},"end":{"line":181,"column":42}},"107":{"start":{"line":184,"column":8},"end":{"line":192,"column":9}},"108":{"start":{"line":185,"column":10},"end":{"line":185,"column":36}},"109":{"start":{"line":187,"column":10},"end":{"line":191,"column":11}},"110":{"start":{"line":188,"column":12},"end":{"line":188,"column":78}},"111":{"start":{"line":190,"column":12},"end":{"line":190,"column":20}},"112":{"start":{"line":194,"column":8},"end":{"line":194,"column":65}},"113":{"start":{"line":195,"column":13},"end":{"line":205,"column":7}},"114":{"start":{"line":196,"column":8},"end":{"line":200,"column":11}},"115":{"start":{"line":197,"column":10},"end":{"line":199,"column":11}},"116":{"start":{"line":198,"column":12},"end":{"line":198,"column":94}},"117":{"start":{"line":202,"column":8},"end":{"line":202,"column":31}},"118":{"start":{"line":204,"column":8},"end":{"line":204,"column":62}},"119":{"start":{"line":207,"column":6},"end":{"line":207,"column":18}},"120":{"start":{"line":221,"column":6},"end":{"line":223,"column":7}},"121":{"start":{"line":222,"column":8},"end":{"line":222,"column":49}},"122":{"start":{"line":224,"column":6},"end":{"line":224,"column":74}},"123":{"start":{"line":237,"column":6},"end":{"line":237,"column":25}},"124":{"start":{"line":238,"column":6},"end":{"line":238,"column":18}},"125":{"start":{"line":254,"column":6},"end":{"line":254,"column":35}},"126":{"start":{"line":255,"column":6},"end":{"line":255,"column":39}},"127":{"start":{"line":255,"column":23},"end":{"line":255,"column":39}},"128":{"start":{"line":257,"column":6},"end":{"line":268,"column":8}},"129":{"start":{"line":258,"column":8},"end":{"line":267,"column":11}},"130":{"start":{"line":260,"column":10},"end":{"line":260,"column":34}},"131":{"start":{"line":260,"column":19},"end":{"line":260,"column":34}},"132":{"start":{"line":263,"column":10},"end":{"line":263,"column":64}},"133":{"start":{"line":263,"column":27},"end":{"line":263,"column":64}},"134":{"start":{"line":266,"column":10},"end":{"line":266,"column":20}},"135":{"start":{"line":270,"column":6},"end":{"line":270,"column":12}},"136":{"start":{"line":287,"column":6},"end":{"line":287,"column":24}},"137":{"start":{"line":289,"column":6},"end":{"line":292,"column":7}},"138":{"start":{"line":290,"column":8},"end":{"line":290,"column":17}},"139":{"start":{"line":291,"column":8},"end":{"line":291,"column":19}},"140":{"start":{"line":294,"column":6},"end":{"line":321,"column":9}},"141":{"start":{"line":296,"column":8},"end":{"line":320,"column":11}},"142":{"start":{"line":298,"column":10},"end":{"line":319,"column":13}},"143":{"start":{"line":300,"column":12},"end":{"line":300,"column":52}},"144":{"start":{"line":300,"column":29},"end":{"line":300,"column":52}},"145":{"start":{"line":302,"column":12},"end":{"line":302,"column":30}},"146":{"start":{"line":304,"column":12},"end":{"line":307,"column":13}},"147":{"start":{"line":305,"column":14},"end":{"line":305,"column":27}},"148":{"start":{"line":306,"column":14},"end":{"line":306,"column":27}},"149":{"start":{"line":309,"column":12},"end":{"line":312,"column":13}},"150":{"start":{"line":310,"column":14},"end":{"line":310,"column":27}},"151":{"start":{"line":311,"column":14},"end":{"line":311,"column":25}},"152":{"start":{"line":314,"column":12},"end":{"line":316,"column":13}},"153":{"start":{"line":315,"column":14},"end":{"line":315,"column":52}},"154":{"start":{"line":318,"column":12},"end":{"line":318,"column":26}},"155":{"start":{"line":336,"column":6},"end":{"line":336,"column":24}},"156":{"start":{"line":338,"column":6},"end":{"line":340,"column":9}},"157":{"start":{"line":339,"column":8},"end":{"line":339,"column":55}},"158":{"start":{"line":357,"column":6},"end":{"line":357,"column":24}},"159":{"start":{"line":359,"column":6},"end":{"line":362,"column":7}},"160":{"start":{"line":360,"column":8},"end":{"line":360,"column":17}},"161":{"start":{"line":361,"column":8},"end":{"line":361,"column":19}},"162":{"start":{"line":364,"column":6},"end":{"line":366,"column":7}},"163":{"start":{"line":365,"column":8},"end":{"line":365,"column":56}},"164":{"start":{"line":368,"column":6},"end":{"line":380,"column":9}},"165":{"start":{"line":369,"column":8},"end":{"line":373,"column":9}},"166":{"start":{"line":370,"column":10},"end":{"line":372,"column":13}},"167":{"start":{"line":371,"column":12},"end":{"line":371,"column":81}},"168":{"start":{"line":375,"column":8},"end":{"line":377,"column":9}},"169":{"start":{"line":376,"column":10},"end":{"line":376,"column":38}},"170":{"start":{"line":379,"column":8},"end":{"line":379,"column":81}},"171":{"start":{"line":395,"column":6},"end":{"line":395,"column":24}},"172":{"start":{"line":397,"column":6},"end":{"line":400,"column":7}},"173":{"start":{"line":398,"column":8},"end":{"line":398,"column":17}},"174":{"start":{"line":399,"column":8},"end":{"line":399,"column":17}},"175":{"start":{"line":402,"column":6},"end":{"line":404,"column":9}},"176":{"start":{"line":403,"column":8},"end":{"line":403,"column":55}},"177":{"start":{"line":419,"column":6},"end":{"line":419,"column":24}},"178":{"start":{"line":421,"column":6},"end":{"line":423,"column":9}},"179":{"start":{"line":422,"column":8},"end":{"line":422,"column":40}},"180":{"start":{"line":441,"column":6},"end":{"line":441,"column":24}},"181":{"start":{"line":444,"column":6},"end":{"line":448,"column":7}},"182":{"start":{"line":445,"column":8},"end":{"line":445,"column":31}},"183":{"start":{"line":446,"column":8},"end":{"line":446,"column":22}},"184":{"start":{"line":447,"column":8},"end":{"line":447,"column":23}},"185":{"start":{"line":450,"column":6},"end":{"line":453,"column":7}},"186":{"start":{"line":451,"column":8},"end":{"line":451,"column":17}},"187":{"start":{"line":452,"column":8},"end":{"line":452,"column":19}},"188":{"start":{"line":455,"column":6},"end":{"line":500,"column":9}},"189":{"start":{"line":457,"column":8},"end":{"line":499,"column":11}},"190":{"start":{"line":458,"column":10},"end":{"line":458,"column":46}},"191":{"start":{"line":458,"column":26},"end":{"line":458,"column":46}},"192":{"start":{"line":460,"column":10},"end":{"line":472,"column":12}},"193":{"start":{"line":461,"column":12},"end":{"line":461,"column":36}},"194":{"start":{"line":461,"column":21},"end":{"line":461,"column":36}},"195":{"start":{"line":462,"column":12},"end":{"line":464,"column":15}},"196":{"start":{"line":463,"column":14},"end":{"line":463,"column":28}},"197":{"start":{"line":467,"column":12},"end":{"line":471,"column":14}},"198":{"start":{"line":468,"column":14},"end":{"line":470,"column":17}},"199":{"start":{"line":469,"column":16},"end":{"line":469,"column":65}},"200":{"start":{"line":474,"column":10},"end":{"line":498,"column":11}},"201":{"start":{"line":475,"column":12},"end":{"line":477,"column":15}},"202":{"start":{"line":476,"column":14},"end":{"line":476,"column":38}},"203":{"start":{"line":478,"column":12},"end":{"line":482,"column":13}},"204":{"start":{"line":479,"column":14},"end":{"line":481,"column":17}},"205":{"start":{"line":480,"column":16},"end":{"line":480,"column":102}},"206":{"start":{"line":484,"column":12},"end":{"line":497,"column":13}},"207":{"start":{"line":485,"column":14},"end":{"line":485,"column":34}},"208":{"start":{"line":486,"column":14},"end":{"line":494,"column":15}},"209":{"start":{"line":487,"column":16},"end":{"line":491,"column":19}},"210":{"start":{"line":488,"column":18},"end":{"line":488,"column":44}},"211":{"start":{"line":490,"column":18},"end":{"line":490,"column":36}},"212":{"start":{"line":493,"column":16},"end":{"line":493,"column":36}},"213":{"start":{"line":496,"column":14},"end":{"line":496,"column":25}},"214":{"start":{"line":504,"column":2},"end":{"line":504,"column":18}},"215":{"start":{"line":507,"column":0},"end":{"line":507,"column":27}},"216":{"start":{"line":509,"column":0},"end":{"line":509,"column":27}},"217":{"start":{"line":510,"column":0},"end":{"line":510,"column":36}}},"branchMap":{"1":{"line":7,"type":"binary-expr","locations":[{"start":{"line":7,"column":15},"end":{"line":7,"column":28}},{"start":{"line":7,"column":32},"end":{"line":7,"column":256}}]},"2":{"line":7,"type":"if","locations":[{"start":{"line":7,"column":150},"end":{"line":7,"column":150}},{"start":{"line":7,"column":150},"end":{"line":7,"column":150}}]},"3":{"line":9,"type":"cond-expr","locations":[{"start":{"line":9,"column":84},"end":{"line":9,"column":121}},{"start":{"line":9,"column":124},"end":{"line":9,"column":240}}]},"4":{"line":9,"type":"binary-expr","locations":[{"start":{"line":9,"column":14},"end":{"line":9,"column":42}},{"start":{"line":9,"column":46},"end":{"line":9,"column":81}}]},"5":{"line":9,"type":"cond-expr","locations":[{"start":{"line":9,"column":216},"end":{"line":9,"column":224}},{"start":{"line":9,"column":227},"end":{"line":9,"column":237}}]},"6":{"line":9,"type":"binary-expr","locations":[{"start":{"line":9,"column":148},"end":{"line":9,"column":151}},{"start":{"line":9,"column":155},"end":{"line":9,"column":183}},{"start":{"line":9,"column":187},"end":{"line":9,"column":213}}]},"7":{"line":11,"type":"binary-expr","locations":[{"start":{"line":11,"column":168},"end":{"line":11,"column":189}},{"start":{"line":11,"column":193},"end":{"line":11,"column":198}}]},"8":{"line":11,"type":"if","locations":[{"start":{"line":11,"column":232},"end":{"line":11,"column":232}},{"start":{"line":11,"column":232},"end":{"line":11,"column":232}}]},"9":{"line":11,"type":"if","locations":[{"start":{"line":11,"column":407},"end":{"line":11,"column":407}},{"start":{"line":11,"column":407},"end":{"line":11,"column":407}}]},"10":{"line":11,"type":"if","locations":[{"start":{"line":11,"column":476},"end":{"line":11,"column":476}},{"start":{"line":11,"column":476},"end":{"line":11,"column":476}}]},"11":{"line":21,"type":"cond-expr","locations":[{"start":{"line":21,"column":70},"end":{"line":21,"column":73}},{"start":{"line":21,"column":76},"end":{"line":21,"column":92}}]},"12":{"line":21,"type":"binary-expr","locations":[{"start":{"line":21,"column":46},"end":{"line":21,"column":49}},{"start":{"line":21,"column":53},"end":{"line":21,"column":67}}]},"13":{"line":23,"type":"if","locations":[{"start":{"line":23,"column":50},"end":{"line":23,"column":50}},{"start":{"line":23,"column":50},"end":{"line":23,"column":50}}]},"14":{"line":25,"type":"if","locations":[{"start":{"line":25,"column":50},"end":{"line":25,"column":50}},{"start":{"line":25,"column":50},"end":{"line":25,"column":50}}]},"15":{"line":25,"type":"cond-expr","locations":[{"start":{"line":25,"column":226},"end":{"line":25,"column":230}},{"start":{"line":25,"column":233},"end":{"line":25,"column":237}}]},"16":{"line":25,"type":"binary-expr","locations":[{"start":{"line":25,"column":159},"end":{"line":25,"column":163}},{"start":{"line":25,"column":168},"end":{"line":25,"column":192}},{"start":{"line":25,"column":196},"end":{"line":25,"column":222}}]},"17":{"line":27,"type":"if","locations":[{"start":{"line":27,"column":43},"end":{"line":27,"column":43}},{"start":{"line":27,"column":43},"end":{"line":27,"column":43}}]},"18":{"line":27,"type":"binary-expr","locations":[{"start":{"line":27,"column":47},"end":{"line":27,"column":79}},{"start":{"line":27,"column":83},"end":{"line":27,"column":102}}]},"19":{"line":27,"type":"binary-expr","locations":[{"start":{"line":27,"column":244},"end":{"line":27,"column":254}},{"start":{"line":27,"column":258},"end":{"line":27,"column":278}}]},"20":{"line":27,"type":"if","locations":[{"start":{"line":27,"column":374},"end":{"line":27,"column":374}},{"start":{"line":27,"column":374},"end":{"line":27,"column":374}}]},"21":{"line":27,"type":"cond-expr","locations":[{"start":{"line":27,"column":414},"end":{"line":27,"column":457}},{"start":{"line":27,"column":460},"end":{"line":27,"column":491}}]},"22":{"line":67,"type":"if","locations":[{"start":{"line":67,"column":2},"end":{"line":67,"column":2}},{"start":{"line":67,"column":2},"end":{"line":67,"column":2}}]},"23":{"line":76,"type":"if","locations":[{"start":{"line":76,"column":4},"end":{"line":76,"column":4}},{"start":{"line":76,"column":4},"end":{"line":76,"column":4}}]},"24":{"line":80,"type":"if","locations":[{"start":{"line":80,"column":4},"end":{"line":80,"column":4}},{"start":{"line":80,"column":4},"end":{"line":80,"column":4}}]},"25":{"line":88,"type":"if","locations":[{"start":{"line":88,"column":8},"end":{"line":88,"column":8}},{"start":{"line":88,"column":8},"end":{"line":88,"column":8}}]},"26":{"line":118,"type":"cond-expr","locations":[{"start":{"line":118,"column":72},"end":{"line":118,"column":74}},{"start":{"line":118,"column":77},"end":{"line":118,"column":89}}]},"27":{"line":118,"type":"binary-expr","locations":[{"start":{"line":118,"column":18},"end":{"line":118,"column":39}},{"start":{"line":118,"column":43},"end":{"line":118,"column":69}}]},"28":{"line":122,"type":"if","locations":[{"start":{"line":122,"column":4},"end":{"line":122,"column":4}},{"start":{"line":122,"column":4},"end":{"line":122,"column":4}}]},"29":{"line":122,"type":"binary-expr","locations":[{"start":{"line":122,"column":8},"end":{"line":122,"column":12}},{"start":{"line":122,"column":16},"end":{"line":122,"column":88}}]},"30":{"line":122,"type":"cond-expr","locations":[{"start":{"line":122,"column":60},"end":{"line":122,"column":71}},{"start":{"line":122,"column":74},"end":{"line":122,"column":87}}]},"31":{"line":127,"type":"binary-expr","locations":[{"start":{"line":127,"column":19},"end":{"line":127,"column":34}},{"start":{"line":127,"column":38},"end":{"line":131,"column":7}}]},"32":{"line":135,"type":"cond-expr","locations":[{"start":{"line":135,"column":49},"end":{"line":135,"column":59}},{"start":{"line":135,"column":62},"end":{"line":135,"column":77}}]},"33":{"line":137,"type":"cond-expr","locations":[{"start":{"line":137,"column":49},"end":{"line":137,"column":57}},{"start":{"line":137,"column":60},"end":{"line":137,"column":75}}]},"34":{"line":139,"type":"cond-expr","locations":[{"start":{"line":139,"column":55},"end":{"line":139,"column":58}},{"start":{"line":139,"column":61},"end":{"line":139,"column":79}}]},"35":{"line":141,"type":"cond-expr","locations":[{"start":{"line":141,"column":43},"end":{"line":141,"column":45}},{"start":{"line":141,"column":48},"end":{"line":141,"column":60}}]},"36":{"line":143,"type":"if","locations":[{"start":{"line":143,"column":4},"end":{"line":143,"column":4}},{"start":{"line":143,"column":4},"end":{"line":143,"column":4}}]},"37":{"line":147,"type":"binary-expr","locations":[{"start":{"line":147,"column":22},"end":{"line":147,"column":26}},{"start":{"line":147,"column":30},"end":{"line":147,"column":37}}]},"38":{"line":168,"type":"if","locations":[{"start":{"line":168,"column":6},"end":{"line":168,"column":6}},{"start":{"line":168,"column":6},"end":{"line":168,"column":6}}]},"39":{"line":170,"type":"cond-expr","locations":[{"start":{"line":170,"column":50},"end":{"line":170,"column":61}},{"start":{"line":170,"column":64},"end":{"line":170,"column":80}}]},"40":{"line":172,"type":"if","locations":[{"start":{"line":172,"column":6},"end":{"li
[...]
 _options$delimiter;","    var _options$ttl = _options.ttl;","    var ttl = _options$ttl === undefined ? 60 : _options$ttl;","","    if ('string' === typeof ttl) {","      ttl = Math.round((0, _ms2.default)(ttl) / 1000);","    }","","    prefix = [prefix, name || 'cache', ''].join(delimiter);","    this.options = _extends({}, options, { Promise: _Promise, delimiter: delimiter, prefix: prefix, ttl: ttl, count: 1000 });","    this._prefix = prefix;","    this._ttl = ttl;","    this._fns = [];","    this.engine(engine);","  }","","  /**","   * Set get engine.","   *","   * @param {String} engine","   * @param {Object} options","   * @return {Cacheman} this","   * @api public","   */","","  _createClass(Cacheman, [{","    key: 'engine',","    value: function engine(_engine, options) {","","      if (!arguments.length) return this._engine;","","      var type = typeof _engine === 'undefined' ? 'undefined' : _typeof(_engine);","","      if (!/string|function|object/.test(type)) {","        throw new CachemanError('Invalid engine format, engine must be a String, Function or a valid engine instance');","      }","","      if ('string' === type) {","","        var Engine = undefined;","","        if (~Cacheman.engines.indexOf(_engine)) {","          _engine = 'cacheman-' + _engine;","        }","","        try {","          Engine = require(_engine);","        } catch (e) {","          if (e.code === 'MODULE_NOT_FOUND') {","            throw new CachemanError('Missing required npm module ' + _engine);","          } else {","            throw e;","          }","        }","","        this._engine = new Engine(options || this.options, this);","      } else if ('object' === type) {","        ['get', 'set', 'del', 'clear'].forEach(function (key) {","          if ('function' !== typeof _engine[key]) {","            throw new CachemanError('Invalid engine format, must be a valid engine instance');","          }","        });","","        this._engine = _engine;","      } else {","        this._engine = _engine(options || this.options, this);","      }","","      return this;","    }","","    /**","     * Wrap key with prefix.","     *","     * @param {String} key","     * @return {String}","     * @api private","     */","","  }, {","    key: 'key',","    value: function key(_key) {","      if (Array.isArray(_key)) {","        _key = _key.join(this.options.delimiter);","      }","      return this.options.engine === 'redis' ? _key : this._prefix + _key;","    }","","    /**","     * Sets up namespace middleware.","     *","     * @return {Cacheman} this","     * @api public","     */","","  }, {","    key: 'use',","    value: function use(fn) {","      this._fns.push(fn);","      return this;","    }","","    /**","     * Executes the cache middleware.","     *","     * @param {String} key","     * @param {Mixed} data","     * @param {Number} ttl","     * @param {Function} fn","     * @api private","     */","","  }, {","    key: 'run',","    value: function run(key, data, ttl, fn) {","      var fns = this._fns.slice(0);","      if (!fns.length) return fn(null);","","      var go = function go(i) {","        fns[i](key, data, ttl, function (err, _data, _ttl, _force) {","          // upon error, short-circuit","          if (err) return fn(err);","","          // if no middleware left, summon callback","          if (!fns[i + 1]) return fn(null, _data, _ttl, _force);","","          // go on to next","          go(i + 1);","        });","      };","","      go(0);","    }","","    /**","     * Set an entry.","     *","     * @param {String} key","     * @param {Mixed} data","     * @param {Number} ttl","     * @param {Function} [fn]","     * @return {Cacheman} this","     * @api public","     */","","  }, {","    key: 'cache',","    value: function cache(key, data, ttl, fn) {","      var _this3 = this;","","      if ('function' === typeof ttl) {","        fn = ttl;","        ttl = null;","      }","","      return maybePromised(this, fn, function (fn) {","","        _this3.get(key, function (err, res) {","","          _this3.run(key, res, ttl, function (_err, _data, _ttl, _force) {","","            if (err || _err) return fn(err || _err);","","            var force = false;","","            if ('undefined' !== typeof _data) {","              force = true;","              data = _data;","            }","","            if ('undefined' !== typeof _ttl) {","              force = true;","              ttl = _ttl;","            }","","            if ('undefined' === typeof res || force) {","              return _this3.set(key, data, ttl, fn);","            }","","            fn(null, res);","          });","        });","      });","    }","","    /**","     * Get an entry.","     *","     * @param {String} key","     * @param {Function} [fn]","     * @return {Cacheman} this","     * @api public","     */","","  }, {","    key: 'get',","    value: function get(key, fn) {","      var _this4 = this;","","      return maybePromised(this, fn, function (fn) {","        return _this4._engine.get(_this4.key(key), fn);","      });","    }","","    /**","     * Set an entry.","     *","     * @param {String} key","     * @param {Mixed} data","     * @param {Number} ttl","     * @param {Function} [fn]","     * @return {Cacheman} this","     * @api public","     */","","  }, {","    key: 'set',","    value: function set(key, data, ttl, fn) {","      var _this5 = this;","","      if ('function' === typeof ttl) {","        fn = ttl;","        ttl = null;","      }","","      if ('string' === typeof ttl) {","        ttl = Math.round((0, _ms2.default)(ttl) / 1000);","      }","","      return maybePromised(this, fn, function (fn) {","        if ('string' !== typeof key && !Array.isArray(key)) {","          return process.nextTick(function () {","            fn(new CachemanError('Invalid key, key must be a string or array.'));","          });","        }","","        if ('undefined' === typeof data) {","          return process.nextTick(fn);","        }","","        return _this5._engine.set(_this5.key(key), data, ttl || _this5._ttl, fn);","      });","    }","","    /**","     * Delete an entry.","     *","     * @param {String} key","     * @param {Function} [fn]","     * @return {Cacheman} this","     * @api public","     */","","  }, {","    key: 'del',","    value: function del(key, fn) {","      var _this6 = this;","","      if ('function' === typeof key) {","        fn = key;","        key = '';","      }","","      return maybePromised(this, fn, function (fn) {","        return _this6._engine.del(_this6.key(key), fn);","      });","    }","","    /**","     * Clear all entries.","     *","     * @param {String} key","     * @param {Function} [fn]","     * @return {Cacheman} this","     * @api public","     */","","  }, {","    key: 'clear',","    value: function clear(fn) {","      var _this7 = this;","","      return maybePromised(this, fn, function (fn) {","        return _this7._engine.clear(fn);","      });","    }","","    /**","     * Wraps a function in cache. I.e., the first time the function is run,","     * its results are stored in cache so subsequent calls retrieve from cache","     * instead of calling the function.","     *","     * @param {String} key","     * @param {Function} work","     * @param {Number} ttl","     * @param {Function} [fn]","     * @api public","     */","","  }, {","    key: 'wrap',","    value: function wrap(key, work, ttl, fn) {","      var _this8 = this;","","      // Allow work and ttl to be passed in the oposite order to make promises nicer","      if ('function' !== typeof work && 'function' === typeof ttl) {","        var _ref = [work, ttl];","        ttl = _ref[0];","        work = _ref[1];","      }","","      if ('function' === typeof ttl) {","        fn = ttl;","        ttl = null;","      }","","      return maybePromised(this, fn, function (fn) {","","        _this8.get(key, function (err, res) {","          if (err || res) return fn(err, res);","","          var _next = function next(err, data) {","            if (err) return fn(err);","            _this8.set(key, data, ttl, function (err) {","              fn(err, data);","            });","","            // Don't allow callbacks to be called twice","            _next = function next() {","              process.nextTick(function () {","                throw new CachemanError('callback called twice');","              });","            };","          };","","          if (work.length >= 1) {","            var result = work(function (err, data) {","              return _next(err, data);","            });","            if ('undefined' !== typeof result) {","              process.nextTick(function () {","                throw new CachemanError('return value cannot be used when callback argument is used');","              });","            }","          } else {","            try {","              var result = work();","              if ('object' === (typeof result === 'undefined' ? 'undefined' : _typeof(result)) && 'function' === typeof result.then) {","                result.then(function (value) {","                  return _next(null, value);","                }).then(null, function (err) {","                  return _next(err);","                });","              } else {","                _next(null, result);","              }","            } catch (err) {","              _next(err);","            }","          }","        });","      });","    }","  }]);","","  return Cacheman;","}();","","exports.default = Cacheman;","","Cacheman.engines = engines;","module.exports = exports['default'];"],"l":{"7":1,"9":1,"11":10,"13":1,"17":1,"19":1,"21":1,"23":1,"25":1,"27":1,"33":1,"43":1,"44":1,"46":1,"47":0,"49":0,"51":0,"53":0,"54":0,"55":0,"56":0,"59":1,"66":1,"67":0,"69":0,"72":0,"74":0,"76":0,"77":0,"80":0,"82":0,"86":0,"87":0,"88":0,"89":0,"91":0,"106":1,"117":1,"118":0,"120":0,"122":0,"123":0,"124":0,"127":0,"128":0,"129":0,"133":0,"134":0,"135":0,"136":0,"137":0,"138":0,"139":0,"140":0,"141":0,"143":0,"144":0,"147":0,"148":0,"149":0,"150":0,"151":0,"152":0,"164":1,"168":0,"170":0,"172":0,"173":0,"176":0,"178":0,"180":0,"181":0,"184":0,"185":0,"187":0,"188":0,"190":0,"194":0,"195":0,"196":0,"197":0,"198":0,"202":0,"204":0,"207":0,"221":0,"222":0,"224":0,"237":0,"238":0,"254":0,"255":0,"257":0,"258":0,"260":0,"263":0,"266":0,"270":0,"287":0,"289":0,"290":0,"291":0,"294":0,"296":0,"298":0,"300":0,"302":0,"304":0,"305":0,"306":0,"309":0,"310":0,"311":0,"314":0,"315":0,"318":0,"336":0,"338":0,"339":0,"357":0,"359":0,"360":0,"361":0,"364":0,"365":0,"368":0,"369":0,"370":0,"371":0,"375":0,"376":0,"379":0,"395":0,"397":0,"398":0,"399":0,"402":0,"403":0,"419":0,"421":0,"422":0,"441":0,"444":0,"445":0,"446":0,"447":0,"450":0,"451":0,"452":0,"455":0,"457":0,"458":0,"460":0,"461":0,"462":0,"463":0,"467":0,"468":0,"469":0,"474":0,"475":0,"476":0,"478":0,"479":0,"480":0,"484":0,"485":0,"486":0,"487":0,"488":0,"490":0,"493":0,"496":0,"504":1,"507":1,"509":1,"510":1}},"/home/travis/build/npmtest/node-npmtest-cacheman/node_modules/cacheman/node/error.js":{"path":"/home/travis/build/npmtest/node-npmtest-cacheman/node_modules/cacheman/node/error.js","s":{"1":1,"2":1,"3":0,"4":0,"5":0,"6":0,"7":0,"8":0,"9":0,"10":0,"11":0,"12":0,"13":0,"14":0,"15":0,"16":0,"17":0,"18":0,"19":0,"20":0,"21":0,"22":0,"23":0,"24":0,"25":0,"26":0,"27":1,"28":0,"29":0,"30":1,"31":1,"32":0,"33":1,"34":1,"35":1,"36":1,"37":1,"38":1,"39":0,"40":0,"41":0,"42":0,"43":0,"44":0,"45":0,"46":1,"47":1,"48":1},"b":{"1":[0,0],"2":[0,0],"3":[0,0],"4":[0,0],"5":[0,0],"6":[0,0],"7":[0,1],"8":[1,0],"9":[1,1],"10":[1,0],"11":[1,0],"12":[0,0]},"f":{"1":0,"2":0,"3":1,"4":1,"5":0},"fnMap":{"1":{"name":"get","line":16,"loc":{"start":{"line":16,"column":11},"end":{"line":16,"column":38}}},"2":{"name":"_classCallCheck","line":18,"loc":{"start":{"line":18,"column":0},"end":{"line":18,"column":48}}},"3":{"name":"_inherits","line":20,"loc":{"start":{"line":20,"column":0},"end":{"line":20,"column":41}}},"4":{"name":"(anonymous_4)","line":22,"loc":{"start":{"line":22,"column":21},"end":{"line":22,"column":39}}},"5":{"name":"CachemanError","line":25,"loc":{"start":{"line":25,"column":2},"end":{"line":25,"column":42}}}},"statementMap":{"1":{"start":{"line":12,"column":0},"end":{"line":14,"column":3}},"2":{"start":{"line":16,"column":0},"end":{"line":16,"column":658}},"3":{"start":{"line":16,"column":40},"end":{"line":16,"column":58}},"4":{"start":{"line":16,"column":59},"end":{"line":16,"column":655}},"5":{"start":{"line":16,"column":70},"end":{"line":16,"column":655}},"6":{"start":{"line":16,"column":87},"end":{"line":16,"column":135}},"7":{"start":{"line":16,"column":136},"end":{"line":16,"column":151}},"8":{"start":{"line":16,"column":152},"end":{"line":16,"column":201}},"9":{"start":{"line":16,"column":173},"end":{"line":16,"column":201}},"10":{"start":{"line":16,"column":202},"end":{"line":16,"column":263}},"11":{"start":{"line":16,"column":264},"end":{"line":16,"column":653}},"12":{"start":{"line":16,"column":290},"end":{"line":16,"column":333}},"13":{"start":{"line":16,"column":334},"end":{"line":16,"column":492}},"14":{"start":{"line":16,"column":357},"end":{"line":16,"column":374}},"15":{"start":{"line":16,"column":384},"end":{"line":16,"column":396}},"16":{"start":{"line":16,"column":397},"end":{"line":16,"column":412}},"17":{"start":{"line":16,"column":413},"end":{"line":16,"column":428}},"18":{"start":{"line":16,"column":429},"end":{"line":16,"column":443}},"19":{"start":{"line":16,"column":444},"end":{"line":16,"column":470}},"20":{"start":{"line":16,"column":471},"end":{"line":16,"column":490}},"21":{"start":{"line":16,"column":500},"end":{"line":16,"column":653}},"22":{"start":{"line":16,"column":523},"end":{"line":16,"column":541}},"23":{"start":{"line":16,"column":551},"end":{"line":16,"column":573}},"24":{"start":{"line":16,"column":574},"end":{"line":16,"column":621}},"25":{"start":{"line":16,"column":602},"end":{"line":16,"column":619}},"26":{"start":{"line":16,"column":622},"end":{"line":16,"column":651}},"27":{"start":{"line":18,"column":0},"end":{"line":18,"column":153}},"28":{"start":{"line":18,"column":50},"end":{"line":18,"column":151}},"29":{"start":{"line":18,"column":92},"end":{"line":18,"column":149}},"30":{"start":{"line":20,"column":0},"end":{"line":20,"column":494}},"31":{"start":{"line":20,"column":43},"end":{"line":20,"column":208}},"32":{"start":{"line":20,"column":106},"end":{"line":20,"column":206}},"33":{"start":{"line":20,"column":209},"end":{"line":20,"column":373}},"34":{"start":{"line":20,"column":374},"end":{"line":20,"column":492}},"35":{"start":{"line":20,"column":390},"end":{"line":20,"column":492}},"36":{"start":{"line":22,"column":0},"end":{"line":36,"column":10}},"37":{"start":{"line":23,"column":2},"end":{"line":23,"column":35}},"38":{"start":{"line":25,"column":2},"end":{"line":33,"column":3}},"39":{"start":{"line":26,"column":4},"end":{"line":26,"column":41}},"40":{"start":{"line":28,"column":4},"end":{"line":28,"column":98}},"41":{"start":{"line":29,"column":4},"end":{"line":29,"column":38}},"42":{"start":{"line":30,"column":4},"end":{"line":30,"column":27}},"43":{"start":{"line":31,"column":4},"end":{"line":31,"column":57}},"44":{"start":{"line":32,"column":4},"end":{"line":32,"column":43}},"45":{"start":{"line":32,"column":16},"end":{"line":32,"column":43}},"46":{"start":{"line":35,"column":2},"end":{"line":35,"column":23}},"47":{"start":{"line":38,"column":0},"end":{"line":38,"column":35}},"48":{"start":{"line":39,"column":0},"end":{"line":39,"column":36}}},"branchMap":{"1":{"line":16,"type":"if","locations":[{"start":{"line":16,"column":152},"end":{"line":16,"column":152}},{"start":{"line":16,"column":152},"end":{"line":16,"column":152}}]},"2":{"line":16,"type":"if","locations":[{"start":{"line":16,"column":264},"end":{"line":16,"column":264}},{"start":{"line":16,"column":264},"end":{"line":16,"column":264}}]},"3":{"line":16,"type":"if","locations":[{"start":{"line":16,"column":334},"end":{"line":16,"column":334}},{"start":{"line":16,"column":334},"end":{"line":16,"column":334}}]},"4":{"line":16,"type":"if","locations":[{"start":{"line":16,"column":500},"end":{"line":16,"column":500}},{"start":{"line":16,"column":500},"end":{"line":16,"column":500}}]},"5":{"line":16,"type":"if","locations":[{"start":{"line":16,"column":574},"end":{"line":16,"column":574}},{"start":{"line":16,"column":574},"end":{"line":16,"column":574}}]},"6":{"line":18,"type":"if","locations":[{"start":{"line":18,"column":50},"end":{"line":18,"column":50}},{"start":{"line":18,"column":50},"end":{"line":18,"column":50}}]},"7":{"line":20,"type":"if","locations":[{"start":{"line":20,"column":43},"end":{"line":20,"column":43}},{"start":{"line":20,"column":43},"end":{"line":20,"column":43}}]},"8":{"line":20,"type":"binary-expr","locations":[{"start":{"line":20,"column":47},"end":{"line":20,"column":79}},{"start":{"line":20,"column":83},"end":{"line":20,"column":102}}]},"9":{"line":20,"type":"binary-expr","locations":[{"start":{"line":20,"column":244},"end":{"line":20,"column":254}},{"start":{"line":20,"column":258},"end":{"line":20,"column":278}}]},"10":{"line":20,"type":"if","locations":[{"start":{"line":20,"column":374},"end":{"line":20,"column":374}},{"start":{"line":20,"column":374},"end":{"line":20,"column":374}}]},"11":{"line":20,"type":"cond-expr","locations":[{"start":{"line":20,"column":414},"end":{"line":20,"column":457}},{"start":{"line":20,"column":460},"end":{"line":20,"column":491}}]},"12":{"line":32,"type":"if","locations":[{"start":{"line":32,"column":4},"end":{"line":32,"column":4}},{"start":{"line":32,"column":4},"end":{"line":32,"column":4}}]}},"code":["'use strict';","","/**"," * Cacheman base error class."," *"," * @constructor"," * @param {String} message"," * @param {EventEmitter} logger"," * @api public"," */","","Object.defineProperty(exports, '__esModule', {","  value: true","});","","var _get = function get(_x, _x2, _x3) { var _again = true; _function: while (_again) { var object = _x, property = _x2, receiver = _x3; _again = false; if (object === null) object = Function.prototype; var desc = Object.getOwnPropertyDescriptor(object, property); if (desc === undefined) { var parent = Object.getPrototypeOf(object); if (parent === null) { return undefined; } else { _x = parent; _x2 = property; _x3 = receiver; _again = true; desc = parent = undefined; continue _function; } } else if ('value' in desc) { return desc.value; } else { var getter = desc.get; if (getter === undefined) { return undefined; } return getter.call(receiver); } } };","","function _classCallCheck(instance, Constructor) { if (!(instance instanceof Constructor)) { throw new TypeError('Cannot call a class as a function'); } }","","function _inherits(subClass, superClass) { if (typeof superClass !== 'function' && superClass !== null) { throw new TypeError('Super expression must either be null or a function, not ' + typeof superClass); } subClass.prototype = Object.create(superClass && superClass.prototype, { constructor: { value: subClass, enumerable: false, writable: true, configurable: true } }); if (superClass) Object.setPrototypeOf ? Object.setPrototypeOf(subClass, superClass) : subClass.__proto__ = superClass; }","","var CachemanError = (function (_Error) {","  _inherits(CachemanError, _Error);","","  function CachemanError(message, logger) {","    _classCallCheck(this, CachemanError);","","    _get(Object.getPrototypeOf(CachemanError.prototype), 'constructor', this).call(this, message);","    this.name = this.constructor.name;","    this.message = message;","    Error.captureStackTrace(this, this.constructor.name);","    if (logger) logger.emit('error', this);","  }","","  return CachemanError;","})(Error);","","exports['default'] = CachemanError;","module.exports = exports['default'];"],"l":{"12":1,"16":1,"18":1,"20":1,"22":1,"23":1,"25":1,"26":0,"28":0,"29":0,"30":0,"31":0,"32":0,"35":1,"38":1,"39":1}}}